{"F:\\PROYECTOS\\MERN\\FitnnestAI\\fitness-tracker-backend\\src\\app.module.ts": {"path":"F:\\PROYECTOS\\MERN\\FitnnestAI\\fitness-tracker-backend\\src\\app.module.ts","statementMap":{"0":{"start":{"line":1,"column":0},"end":{"line":1,"column":40}},"1":{"start":{"line":2,"column":0},"end":{"line":2,"column":46}},"2":{"start":{"line":3,"column":0},"end":{"line":3,"column":54}},"3":{"start":{"line":4,"column":0},"end":{"line":4,"column":51}},"4":{"start":{"line":5,"column":0},"end":{"line":5,"column":48}},"5":{"start":{"line":6,"column":0},"end":{"line":6,"column":71}},"6":{"start":{"line":7,"column":0},"end":{"line":7,"column":83}},"7":{"start":{"line":22,"column":7},"end":{"line":22,"column":null}},"8":{"start":{"line":22,"column":13},"end":{"line":22,"column":22}},"9":{"start":{"line":22,"column":13},"end":{"line":22,"column":null}}},"fnMap":{},"branchMap":{},"s":{"0":0,"1":0,"2":0,"3":0,"4":0,"5":0,"6":0,"7":0,"8":0,"9":0},"f":{},"b":{}}
,"F:\\PROYECTOS\\MERN\\FitnnestAI\\fitness-tracker-backend\\src\\main.ts": {"path":"F:\\PROYECTOS\\MERN\\FitnnestAI\\fitness-tracker-backend\\src\\main.ts","statementMap":{"0":{"start":{"line":1,"column":0},"end":{"line":1,"column":43}},"1":{"start":{"line":2,"column":0},"end":{"line":2,"column":48}},"2":{"start":{"line":3,"column":0},"end":{"line":3,"column":41}},"3":{"start":{"line":4,"column":0},"end":{"line":4,"column":65}},"4":{"start":{"line":7,"column":14},"end":{"line":7,"column":49}},"5":{"start":{"line":10,"column":2},"end":{"line":14,"column":5}},"6":{"start":{"line":17,"column":2},"end":{"line":26,"column":4}},"7":{"start":{"line":29,"column":2},"end":{"line":29,"column":29}},"8":{"start":{"line":31,"column":17},"end":{"line":40,"column":12}},"9":{"start":{"line":42,"column":19},"end":{"line":42,"column":60}},"10":{"start":{"line":43,"column":2},"end":{"line":47,"column":5}},"11":{"start":{"line":49,"column":15},"end":{"line":49,"column":39}},"12":{"start":{"line":50,"column":2},"end":{"line":50,"column":25}},"13":{"start":{"line":52,"column":2},"end":{"line":52,"column":76}},"14":{"start":{"line":55,"column":0},"end":{"line":55,"column":12}}},"fnMap":{"0":{"name":"bootstrap","decl":{"start":{"line":6,"column":15},"end":{"line":6,"column":24}},"loc":{"start":{"line":6,"column":24},"end":{"line":53,"column":1}}}},"branchMap":{"0":{"loc":{"start":{"line":49,"column":15},"end":{"line":49,"column":39}},"type":"binary-expr","locations":[{"start":{"line":49,"column":15},"end":{"line":49,"column":31}},{"start":{"line":49,"column":35},"end":{"line":49,"column":39}}]}},"s":{"0":0,"1":0,"2":0,"3":0,"4":0,"5":0,"6":0,"7":0,"8":0,"9":0,"10":0,"11":0,"12":0,"13":0,"14":0},"f":{"0":0},"b":{"0":[0,0]}}
,"F:\\PROYECTOS\\MERN\\FitnnestAI\\fitness-tracker-backend\\src\\activity-entries\\activity-entries.controller.ts": {"path":"F:\\PROYECTOS\\MERN\\FitnnestAI\\fitness-tracker-backend\\src\\activity-entries\\activity-entries.controller.ts","statementMap":{"0":{"start":{"line":1,"column":0},"end":{"line":1,"column":null}},"1":{"start":{"line":13,"column":0},"end":{"line":13,"column":68}},"2":{"start":{"line":14,"column":0},"end":{"line":14,"column":90}},"3":{"start":{"line":15,"column":0},"end":{"line":15,"column":61}},"4":{"start":{"line":16,"column":0},"end":{"line":16,"column":71}},"5":{"start":{"line":21,"column":7},"end":{"line":69,"column":null}},"6":{"start":{"line":22,"column":31},"end":{"line":22,"column":55}},"7":{"start":{"line":28,"column":4},"end":{"line":28,"column":69}},"8":{"start":{"line":35,"column":4},"end":{"line":35,"column":70}},"9":{"start":{"line":42,"column":4},"end":{"line":42,"column":77}},"10":{"start":{"line":49,"column":4},"end":{"line":49,"column":68}},"11":{"start":{"line":60,"column":4},"end":{"line":60,"column":91}},"12":{"start":{"line":67,"column":4},"end":{"line":67,"column":67}},"13":{"start":{"line":21,"column":13},"end":{"line":21,"column":38}},"14":{"start":{"line":27,"column":2},"end":{"line":29,"column":null}},"15":{"start":{"line":34,"column":2},"end":{"line":36,"column":null}},"16":{"start":{"line":41,"column":2},"end":{"line":43,"column":null}},"17":{"start":{"line":48,"column":2},"end":{"line":50,"column":null}},"18":{"start":{"line":55,"column":2},"end":{"line":61,"column":null}},"19":{"start":{"line":66,"column":2},"end":{"line":68,"column":null}},"20":{"start":{"line":21,"column":13},"end":{"line":69,"column":null}}},"fnMap":{"0":{"name":"(anonymous_4)","decl":{"start":{"line":22,"column":2},"end":{"line":22,"column":31}},"loc":{"start":{"line":22,"column":77},"end":{"line":22,"column":82}}},"1":{"name":"(anonymous_5)","decl":{"start":{"line":27,"column":2},"end":{"line":27,"column":8}},"loc":{"start":{"line":27,"column":61},"end":{"line":29,"column":3}}},"2":{"name":"(anonymous_6)","decl":{"start":{"line":34,"column":2},"end":{"line":34,"column":9}},"loc":{"start":{"line":34,"column":54},"end":{"line":36,"column":3}}},"3":{"name":"(anonymous_7)","decl":{"start":{"line":41,"column":2},"end":{"line":41,"column":10}},"loc":{"start":{"line":41,"column":54},"end":{"line":43,"column":3}}},"4":{"name":"(anonymous_8)","decl":{"start":{"line":48,"column":2},"end":{"line":48,"column":9}},"loc":{"start":{"line":48,"column":49},"end":{"line":50,"column":3}}},"5":{"name":"(anonymous_9)","decl":{"start":{"line":55,"column":2},"end":{"line":55,"column":8}},"loc":{"start":{"line":58,"column":58},"end":{"line":61,"column":3}}},"6":{"name":"(anonymous_10)","decl":{"start":{"line":66,"column":2},"end":{"line":66,"column":8}},"loc":{"start":{"line":66,"column":48},"end":{"line":68,"column":3}}}},"branchMap":{},"s":{"0":1,"1":1,"2":1,"3":1,"4":1,"5":1,"6":15,"7":4,"8":2,"9":1,"10":2,"11":2,"12":2,"13":1,"14":1,"15":1,"16":1,"17":1,"18":1,"19":1,"20":1},"f":{"0":15,"1":4,"2":2,"3":1,"4":2,"5":2,"6":2},"b":{}}
,"F:\\PROYECTOS\\MERN\\FitnnestAI\\fitness-tracker-backend\\src\\activity-entries\\activity-entries.module.ts": {"path":"F:\\PROYECTOS\\MERN\\FitnnestAI\\fitness-tracker-backend\\src\\activity-entries\\activity-entries.module.ts","statementMap":{"0":{"start":{"line":1,"column":0},"end":{"line":1,"column":40}},"1":{"start":{"line":2,"column":0},"end":{"line":2,"column":68}},"2":{"start":{"line":3,"column":0},"end":{"line":3,"column":74}},"3":{"start":{"line":9,"column":7},"end":{"line":9,"column":null}},"4":{"start":{"line":9,"column":13},"end":{"line":9,"column":34}},"5":{"start":{"line":9,"column":13},"end":{"line":9,"column":null}}},"fnMap":{},"branchMap":{},"s":{"0":0,"1":0,"2":0,"3":0,"4":0,"5":0},"f":{},"b":{}}
,"F:\\PROYECTOS\\MERN\\FitnnestAI\\fitness-tracker-backend\\src\\activity-entries\\activity-entries.service.ts": {"path":"F:\\PROYECTOS\\MERN\\FitnnestAI\\fitness-tracker-backend\\src\\activity-entries\\activity-entries.service.ts","statementMap":{"0":{"start":{"line":1,"column":0},"end":{"line":1,"column":83}},"1":{"start":{"line":2,"column":0},"end":{"line":2,"column":57}},"2":{"start":{"line":6,"column":7},"end":{"line":92,"column":null}},"3":{"start":{"line":7,"column":22},"end":{"line":7,"column":30}},"4":{"start":{"line":10,"column":23},"end":{"line":10,"column":89}},"5":{"start":{"line":12,"column":26},"end":{"line":18,"column":6}},"6":{"start":{"line":20,"column":4},"end":{"line":20,"column":25}},"7":{"start":{"line":24,"column":23},"end":{"line":24,"column":33}},"8":{"start":{"line":26,"column":4},"end":{"line":28,"column":5}},"9":{"start":{"line":27,"column":6},"end":{"line":27,"column":24}},"10":{"start":{"line":30,"column":4},"end":{"line":33,"column":7}},"11":{"start":{"line":37,"column":26},"end":{"line":39,"column":6}},"12":{"start":{"line":41,"column":4},"end":{"line":43,"column":5}},"13":{"start":{"line":42,"column":6},"end":{"line":42,"column":62}},"14":{"start":{"line":45,"column":4},"end":{"line":47,"column":5}},"15":{"start":{"line":46,"column":6},"end":{"line":46,"column":52}},"16":{"start":{"line":49,"column":4},"end":{"line":49,"column":25}},"17":{"start":{"line":53,"column":4},"end":{"line":53,"column":35}},"18":{"start":{"line":55,"column":26},"end":{"line":58,"column":6}},"19":{"start":{"line":60,"column":4},"end":{"line":60,"column":25}},"20":{"start":{"line":64,"column":4},"end":{"line":64,"column":35}},"21":{"start":{"line":66,"column":4},"end":{"line":68,"column":7}},"22":{"start":{"line":70,"column":4},"end":{"line":70,"column":62}},"23":{"start":{"line":74,"column":20},"end":{"line":79,"column":6}},"24":{"start":{"line":81,"column":26},"end":{"line":81,"column":81}},"25":{"start":{"line":81,"column":57},"end":{"line":81,"column":77}},"26":{"start":{"line":82,"column":26},"end":{"line":82,"column":81}},"27":{"start":{"line":82,"column":57},"end":{"line":82,"column":77}},"28":{"start":{"line":84,"column":4},"end":{"line":90,"column":6}},"29":{"start":{"line":6,"column":13},"end":{"line":6,"column":35}},"30":{"start":{"line":6,"column":13},"end":{"line":92,"column":null}}},"fnMap":{"0":{"name":"(anonymous_2)","decl":{"start":{"line":7,"column":2},"end":{"line":7,"column":22}},"loc":{"start":{"line":7,"column":43},"end":{"line":7,"column":47}}},"1":{"name":"(anonymous_3)","decl":{"start":{"line":9,"column":2},"end":{"line":9,"column":7}},"loc":{"start":{"line":9,"column":77},"end":{"line":21,"column":3}}},"2":{"name":"(anonymous_4)","decl":{"start":{"line":23,"column":2},"end":{"line":23,"column":7}},"loc":{"start":{"line":23,"column":45},"end":{"line":34,"column":3}}},"3":{"name":"(anonymous_5)","decl":{"start":{"line":36,"column":2},"end":{"line":36,"column":7}},"loc":{"start":{"line":36,"column":42},"end":{"line":50,"column":3}}},"4":{"name":"(anonymous_6)","decl":{"start":{"line":52,"column":2},"end":{"line":52,"column":7}},"loc":{"start":{"line":52,"column":89},"end":{"line":61,"column":3}}},"5":{"name":"(anonymous_7)","decl":{"start":{"line":63,"column":2},"end":{"line":63,"column":7}},"loc":{"start":{"line":63,"column":41},"end":{"line":71,"column":3}}},"6":{"name":"(anonymous_8)","decl":{"start":{"line":73,"column":2},"end":{"line":73,"column":7}},"loc":{"start":{"line":73,"column":51},"end":{"line":91,"column":3}}},"7":{"name":"(anonymous_9)","decl":{"start":{"line":81,"column":41},"end":{"line":81,"column":42}},"loc":{"start":{"line":81,"column":57},"end":{"line":81,"column":77}}},"8":{"name":"(anonymous_10)","decl":{"start":{"line":82,"column":41},"end":{"line":82,"column":42}},"loc":{"start":{"line":82,"column":57},"end":{"line":82,"column":77}}}},"branchMap":{"0":{"loc":{"start":{"line":26,"column":4},"end":{"line":28,"column":5}},"type":"if","locations":[{"start":{"line":26,"column":4},"end":{"line":28,"column":5}},{"start":{},"end":{}}]},"1":{"loc":{"start":{"line":41,"column":4},"end":{"line":43,"column":5}},"type":"if","locations":[{"start":{"line":41,"column":4},"end":{"line":43,"column":5}},{"start":{},"end":{}}]},"2":{"loc":{"start":{"line":45,"column":4},"end":{"line":47,"column":5}},"type":"if","locations":[{"start":{"line":45,"column":4},"end":{"line":47,"column":5}},{"start":{},"end":{}}]}},"s":{"0":1,"1":1,"2":1,"3":0,"4":0,"5":0,"6":0,"7":0,"8":0,"9":0,"10":0,"11":0,"12":0,"13":0,"14":0,"15":0,"16":0,"17":0,"18":0,"19":0,"20":0,"21":0,"22":0,"23":0,"24":0,"25":0,"26":0,"27":0,"28":0,"29":1,"30":1},"f":{"0":0,"1":0,"2":0,"3":0,"4":0,"5":0,"6":0,"7":0,"8":0},"b":{"0":[0,0],"1":[0,0],"2":[0,0]}}
,"F:\\PROYECTOS\\MERN\\FitnnestAI\\fitness-tracker-backend\\src\\activity-entries\\dto\\activity-entry.dto.ts": {"path":"F:\\PROYECTOS\\MERN\\FitnnestAI\\fitness-tracker-backend\\src\\activity-entries\\dto\\activity-entry.dto.ts","statementMap":{"0":{"start":{"line":1,"column":0},"end":{"line":1,"column":64}},"1":{"start":{"line":2,"column":0},"end":{"line":2,"column":46}},"2":{"start":{"line":4,"column":0},"end":{"line":4,"column":13}},"3":{"start":{"line":7,"column":2},"end":{"line":7,"column":null}},"4":{"start":{"line":12,"column":2},"end":{"line":12,"column":null}},"5":{"start":{"line":17,"column":2},"end":{"line":17,"column":null}},"6":{"start":{"line":24,"column":2},"end":{"line":24,"column":null}},"7":{"start":{"line":27,"column":0},"end":{"line":27,"column":13}},"8":{"start":{"line":30,"column":2},"end":{"line":30,"column":null}},"9":{"start":{"line":35,"column":2},"end":{"line":35,"column":null}},"10":{"start":{"line":40,"column":2},"end":{"line":40,"column":null}},"11":{"start":{"line":47,"column":2},"end":{"line":47,"column":null}}},"fnMap":{},"branchMap":{},"s":{"0":1,"1":1,"2":1,"3":1,"4":1,"5":1,"6":1,"7":1,"8":1,"9":1,"10":1,"11":1},"f":{},"b":{}}
,"F:\\PROYECTOS\\MERN\\FitnnestAI\\fitness-tracker-backend\\src\\auth\\auth.controller.ts": {"path":"F:\\PROYECTOS\\MERN\\FitnnestAI\\fitness-tracker-backend\\src\\auth\\auth.controller.ts","statementMap":{"0":{"start":{"line":1,"column":0},"end":{"line":1,"column":72}},"1":{"start":{"line":2,"column":0},"end":{"line":2,"column":45}},"2":{"start":{"line":3,"column":0},"end":{"line":3,"column":57}},"3":{"start":{"line":4,"column":0},"end":{"line":4,"column":84}},"4":{"start":{"line":5,"column":0},"end":{"line":5,"column":55}},"5":{"start":{"line":6,"column":0},"end":{"line":6,"column":66}},"6":{"start":{"line":10,"column":7},"end":{"line":39,"column":null}},"7":{"start":{"line":11,"column":22},"end":{"line":11,"column":35}},"8":{"start":{"line":18,"column":4},"end":{"line":18,"column":50}},"9":{"start":{"line":26,"column":21},"end":{"line":26,"column":65}},"10":{"start":{"line":27,"column":4},"end":{"line":27,"column":20}},"11":{"start":{"line":37,"column":4},"end":{"line":37,"column":49}},"12":{"start":{"line":10,"column":13},"end":{"line":10,"column":27}},"13":{"start":{"line":17,"column":8},"end":{"line":19,"column":null}},"14":{"start":{"line":25,"column":8},"end":{"line":28,"column":null}},"15":{"start":{"line":36,"column":8},"end":{"line":38,"column":null}},"16":{"start":{"line":10,"column":13},"end":{"line":39,"column":null}}},"fnMap":{"0":{"name":"(anonymous_4)","decl":{"start":{"line":11,"column":2},"end":{"line":11,"column":22}},"loc":{"start":{"line":11,"column":46},"end":{"line":11,"column":51}}},"1":{"name":"(anonymous_5)","decl":{"start":{"line":17,"column":8},"end":{"line":17,"column":13}},"loc":{"start":{"line":17,"column":40},"end":{"line":19,"column":3}}},"2":{"name":"(anonymous_6)","decl":{"start":{"line":25,"column":8},"end":{"line":25,"column":16}},"loc":{"start":{"line":25,"column":51},"end":{"line":28,"column":3}}},"3":{"name":"(anonymous_7)","decl":{"start":{"line":36,"column":8},"end":{"line":36,"column":18}},"loc":{"start":{"line":36,"column":56},"end":{"line":38,"column":3}}}},"branchMap":{},"s":{"0":1,"1":1,"2":1,"3":1,"4":1,"5":1,"6":1,"7":12,"8":3,"9":4,"10":2,"11":2,"12":1,"13":1,"14":1,"15":1,"16":1},"f":{"0":12,"1":3,"2":4,"3":2},"b":{}}
,"F:\\PROYECTOS\\MERN\\FitnnestAI\\fitness-tracker-backend\\src\\auth\\auth.module.ts": {"path":"F:\\PROYECTOS\\MERN\\FitnnestAI\\fitness-tracker-backend\\src\\auth\\auth.module.ts","statementMap":{"0":{"start":{"line":1,"column":0},"end":{"line":1,"column":40}},"1":{"start":{"line":2,"column":0},"end":{"line":2,"column":40}},"2":{"start":{"line":3,"column":0},"end":{"line":3,"column":50}},"3":{"start":{"line":4,"column":0},"end":{"line":4,"column":61}},"4":{"start":{"line":5,"column":0},"end":{"line":5,"column":45}},"5":{"start":{"line":6,"column":0},"end":{"line":6,"column":51}},"6":{"start":{"line":7,"column":0},"end":{"line":7,"column":52}},"7":{"start":{"line":8,"column":0},"end":{"line":8,"column":56}},"8":{"start":{"line":9,"column":0},"end":{"line":9,"column":55}},"9":{"start":{"line":10,"column":0},"end":{"line":10,"column":56}},"10":{"start":{"line":33,"column":7},"end":{"line":33,"column":null}},"11":{"start":{"line":33,"column":13},"end":{"line":33,"column":23}},"12":{"start":{"line":33,"column":13},"end":{"line":33,"column":null}},"13":{"start":{"line":20,"column":59},"end":{"line":25,"column":8}}},"fnMap":{"0":{"name":"(anonymous_1)","decl":{"start":{"line":20,"column":18},"end":{"line":20,"column":23}},"loc":{"start":{"line":20,"column":59},"end":{"line":25,"column":8}}}},"branchMap":{},"s":{"0":0,"1":0,"2":0,"3":0,"4":0,"5":0,"6":0,"7":0,"8":0,"9":0,"10":0,"11":0,"12":0,"13":0},"f":{"0":0},"b":{}}
,"F:\\PROYECTOS\\MERN\\FitnnestAI\\fitness-tracker-backend\\src\\auth\\auth.service.ts": {"path":"F:\\PROYECTOS\\MERN\\FitnnestAI\\fitness-tracker-backend\\src\\auth\\auth.service.ts","statementMap":{"0":{"start":{"line":1,"column":0},"end":{"line":1,"column":86}},"1":{"start":{"line":2,"column":0},"end":{"line":2,"column":41}},"2":{"start":{"line":3,"column":0},"end":{"line":3,"column":47}},"3":{"start":{"line":4,"column":0},"end":{"line":4,"column":54}},"4":{"start":{"line":5,"column":0},"end":{"line":5,"column":33}},"5":{"start":{"line":9,"column":7},"end":{"line":99,"column":null}},"6":{"start":{"line":11,"column":12},"end":{"line":11,"column":26}},"7":{"start":{"line":12,"column":12},"end":{"line":12,"column":24}},"8":{"start":{"line":13,"column":12},"end":{"line":13,"column":20}},"9":{"start":{"line":17,"column":25},"end":{"line":17,"column":79}},"10":{"start":{"line":18,"column":4},"end":{"line":20,"column":5}},"11":{"start":{"line":19,"column":6},"end":{"line":19,"column":65}},"12":{"start":{"line":22,"column":4},"end":{"line":27,"column":5}},"13":{"start":{"line":23,"column":31},"end":{"line":23,"column":91}},"14":{"start":{"line":24,"column":6},"end":{"line":26,"column":7}},"15":{"start":{"line":25,"column":8},"end":{"line":25,"column":66}},"16":{"start":{"line":29,"column":27},"end":{"line":29,"column":70}},"17":{"start":{"line":31,"column":17},"end":{"line":34,"column":6}},"18":{"start":{"line":36,"column":19},"end":{"line":36,"column":65}},"19":{"start":{"line":38,"column":4},"end":{"line":41,"column":6}},"20":{"start":{"line":45,"column":17},"end":{"line":45,"column":68}},"21":{"start":{"line":46,"column":4},"end":{"line":48,"column":5}},"22":{"start":{"line":47,"column":6},"end":{"line":47,"column":64}},"23":{"start":{"line":50,"column":28},"end":{"line":50,"column":82}},"24":{"start":{"line":52,"column":4},"end":{"line":54,"column":5}},"25":{"start":{"line":53,"column":6},"end":{"line":53,"column":61}},"26":{"start":{"line":56,"column":19},"end":{"line":56,"column":65}},"27":{"start":{"line":58,"column":4},"end":{"line":61,"column":6}},"28":{"start":{"line":65,"column":17},"end":{"line":65,"column":57}},"29":{"start":{"line":66,"column":4},"end":{"line":68,"column":5}},"30":{"start":{"line":67,"column":6},"end":{"line":67,"column":63}},"31":{"start":{"line":69,"column":4},"end":{"line":69,"column":35}},"32":{"start":{"line":73,"column":20},"end":{"line":76,"column":6}},"33":{"start":{"line":78,"column":40},"end":{"line":87,"column":6}},"34":{"start":{"line":89,"column":4},"end":{"line":92,"column":6}},"35":{"start":{"line":96,"column":36},"end":{"line":96,"column":40}},"36":{"start":{"line":97,"column":4},"end":{"line":97,"column":18}},"37":{"start":{"line":9,"column":13},"end":{"line":9,"column":24}},"38":{"start":{"line":9,"column":13},"end":{"line":99,"column":null}}},"fnMap":{"0":{"name":"(anonymous_2)","decl":{"start":{"line":10,"column":2},"end":{"line":10,"column":null}},"loc":{"start":{"line":13,"column":33},"end":{"line":14,"column":7}}},"1":{"name":"(anonymous_3)","decl":{"start":{"line":16,"column":2},"end":{"line":16,"column":7}},"loc":{"start":{"line":16,"column":43},"end":{"line":42,"column":3}}},"2":{"name":"(anonymous_4)","decl":{"start":{"line":44,"column":2},"end":{"line":44,"column":7}},"loc":{"start":{"line":44,"column":32},"end":{"line":62,"column":3}}},"3":{"name":"(anonymous_5)","decl":{"start":{"line":64,"column":2},"end":{"line":64,"column":7}},"loc":{"start":{"line":64,"column":35},"end":{"line":70,"column":3}}},"4":{"name":"(anonymous_6)","decl":{"start":{"line":72,"column":10},"end":{"line":72,"column":15}},"loc":{"start":{"line":72,"column":60},"end":{"line":93,"column":3}}},"5":{"name":"(anonymous_7)","decl":{"start":{"line":95,"column":10},"end":{"line":95,"column":22}},"loc":{"start":{"line":95,"column":32},"end":{"line":98,"column":3}}}},"branchMap":{"0":{"loc":{"start":{"line":18,"column":4},"end":{"line":20,"column":5}},"type":"if","locations":[{"start":{"line":18,"column":4},"end":{"line":20,"column":5}},{"start":{},"end":{}}]},"1":{"loc":{"start":{"line":22,"column":4},"end":{"line":27,"column":5}},"type":"if","locations":[{"start":{"line":22,"column":4},"end":{"line":27,"column":5}},{"start":{},"end":{}}]},"2":{"loc":{"start":{"line":24,"column":6},"end":{"line":26,"column":7}},"type":"if","locations":[{"start":{"line":24,"column":6},"end":{"line":26,"column":7}},{"start":{},"end":{}}]},"3":{"loc":{"start":{"line":46,"column":4},"end":{"line":48,"column":5}},"type":"if","locations":[{"start":{"line":46,"column":4},"end":{"line":48,"column":5}},{"start":{},"end":{}}]},"4":{"loc":{"start":{"line":52,"column":4},"end":{"line":54,"column":5}},"type":"if","locations":[{"start":{"line":52,"column":4},"end":{"line":54,"column":5}},{"start":{},"end":{}}]},"5":{"loc":{"start":{"line":66,"column":4},"end":{"line":68,"column":5}},"type":"if","locations":[{"start":{"line":66,"column":4},"end":{"line":68,"column":5}},{"start":{},"end":{}}]}},"s":{"0":2,"1":2,"2":2,"3":2,"4":2,"5":2,"6":14,"7":14,"8":14,"9":8,"10":8,"11":1,"12":7,"13":7,"14":7,"15":1,"16":6,"17":6,"18":6,"19":6,"20":5,"21":5,"22":2,"23":3,"24":3,"25":1,"26":2,"27":2,"28":2,"29":2,"30":1,"31":1,"32":8,"33":8,"34":8,"35":9,"36":9,"37":2,"38":2},"f":{"0":14,"1":8,"2":5,"3":2,"4":8,"5":9},"b":{"0":[1,7],"1":[7,0],"2":[1,6],"3":[2,3],"4":[1,2],"5":[1,1]}}
,"F:\\PROYECTOS\\MERN\\FitnnestAI\\fitness-tracker-backend\\src\\auth\\decorators\\current-user.decorator.ts": {"path":"F:\\PROYECTOS\\MERN\\FitnnestAI\\fitness-tracker-backend\\src\\auth\\decorators\\current-user.decorator.ts","statementMap":{"0":{"start":{"line":1,"column":0},"end":{"line":1,"column":72}},"1":{"start":{"line":3,"column":13},"end":{"line":10,"column":null}},"2":{"start":{"line":5,"column":24},"end":{"line":5,"column":55}},"3":{"start":{"line":6,"column":21},"end":{"line":6,"column":33}},"4":{"start":{"line":8,"column":8},"end":{"line":8,"column":42}}},"fnMap":{"0":{"name":"(anonymous_0)","decl":{"start":{"line":4,"column":4},"end":{"line":4,"column":5}},"loc":{"start":{"line":4,"column":56},"end":{"line":9,"column":5}}}},"branchMap":{"0":{"loc":{"start":{"line":8,"column":15},"end":{"line":8,"column":41}},"type":"cond-expr","locations":[{"start":{"line":8,"column":22},"end":{"line":8,"column":34}},{"start":{"line":8,"column":37},"end":{"line":8,"column":41}}]}},"s":{"0":1,"1":1,"2":0,"3":0,"4":0},"f":{"0":0},"b":{"0":[0,0]}}
,"F:\\PROYECTOS\\MERN\\FitnnestAI\\fitness-tracker-backend\\src\\auth\\decorators\\public.decorator.ts": {"path":"F:\\PROYECTOS\\MERN\\FitnnestAI\\fitness-tracker-backend\\src\\auth\\decorators\\public.decorator.ts","statementMap":{"0":{"start":{"line":1,"column":0},"end":{"line":1,"column":45}},"1":{"start":{"line":3,"column":13},"end":{"line":3,"column":40}},"2":{"start":{"line":4,"column":22},"end":{"line":4,"column":60}},"3":{"start":{"line":4,"column":28},"end":{"line":4,"column":60}},"4":{"start":{"line":4,"column":13},"end":{"line":4,"column":22}}},"fnMap":{"0":{"name":"(anonymous_0)","decl":{"start":{"line":4,"column":22},"end":{"line":4,"column":25}},"loc":{"start":{"line":4,"column":28},"end":{"line":4,"column":60}}}},"branchMap":{},"s":{"0":0,"1":0,"2":0,"3":0,"4":0},"f":{"0":0},"b":{}}
,"F:\\PROYECTOS\\MERN\\FitnnestAI\\fitness-tracker-backend\\src\\auth\\dto\\auth.dto.ts": {"path":"F:\\PROYECTOS\\MERN\\FitnnestAI\\fitness-tracker-backend\\src\\auth\\dto\\auth.dto.ts","statementMap":{"0":{"start":{"line":1,"column":0},"end":{"line":1,"column":105}},"1":{"start":{"line":2,"column":0},"end":{"line":2,"column":51}},"2":{"start":{"line":3,"column":0},"end":{"line":3,"column":46}},"3":{"start":{"line":5,"column":0},"end":{"line":5,"column":null}},"4":{"start":{"line":6,"column":4},"end":{"line":6,"column":null}},"5":{"start":{"line":7,"column":4},"end":{"line":7,"column":null}},"6":{"start":{"line":8,"column":4},"end":{"line":8,"column":null}},"7":{"start":{"line":11,"column":0},"end":{"line":11,"column":null}},"8":{"start":{"line":12,"column":4},"end":{"line":12,"column":null}},"9":{"start":{"line":13,"column":4},"end":{"line":13,"column":null}},"10":{"start":{"line":16,"column":0},"end":{"line":16,"column":13}},"11":{"start":{"line":19,"column":4},"end":{"line":19,"column":null}},"12":{"start":{"line":24,"column":4},"end":{"line":24,"column":null}},"13":{"start":{"line":29,"column":4},"end":{"line":29,"column":null}},"14":{"start":{"line":34,"column":4},"end":{"line":34,"column":null}},"15":{"start":{"line":40,"column":4},"end":{"line":40,"column":null}},"16":{"start":{"line":45,"column":4},"end":{"line":45,"column":null}},"17":{"start":{"line":51,"column":4},"end":{"line":51,"column":null}},"18":{"start":{"line":57,"column":4},"end":{"line":57,"column":null}},"19":{"start":{"line":62,"column":4},"end":{"line":62,"column":null}},"20":{"start":{"line":68,"column":4},"end":{"line":68,"column":null}},"21":{"start":{"line":74,"column":4},"end":{"line":74,"column":null}},"22":{"start":{"line":80,"column":4},"end":{"line":80,"column":null}},"23":{"start":{"line":83,"column":0},"end":{"line":83,"column":13}},"24":{"start":{"line":86,"column":4},"end":{"line":86,"column":null}},"25":{"start":{"line":89,"column":0},"end":{"line":89,"column":13}},"26":{"start":{"line":92,"column":4},"end":{"line":92,"column":null}},"27":{"start":{"line":97,"column":4},"end":{"line":97,"column":null}}},"fnMap":{"0":{"name":"(anonymous_2)","decl":{"start":{"line":5,"column":0},"end":{"line":5,"column":12}},"loc":{"start":{"line":5,"column":16},"end":{"line":9,"column":1}}},"1":{"name":"(anonymous_3)","decl":{"start":{"line":11,"column":0},"end":{"line":11,"column":12}},"loc":{"start":{"line":11,"column":18},"end":{"line":14,"column":1}}}},"branchMap":{"0":{"loc":{"start":{"line":5,"column":12},"end":{"line":5,"column":null}},"type":"binary-expr","locations":[{"start":{"line":5,"column":12},"end":{"line":5,"column":16}},{"start":{"line":5,"column":16},"end":{"line":5,"column":null}}]},"1":{"loc":{"start":{"line":11,"column":12},"end":{"line":11,"column":null}},"type":"binary-expr","locations":[{"start":{"line":11,"column":12},"end":{"line":11,"column":18}},{"start":{"line":11,"column":18},"end":{"line":11,"column":null}}]}},"s":{"0":2,"1":2,"2":2,"3":2,"4":2,"5":2,"6":2,"7":2,"8":2,"9":2,"10":2,"11":2,"12":2,"13":2,"14":2,"15":2,"16":2,"17":2,"18":2,"19":2,"20":2,"21":2,"22":2,"23":2,"24":2,"25":2,"26":2,"27":2},"f":{"0":2,"1":2},"b":{"0":[2,2],"1":[2,2]}}
,"F:\\PROYECTOS\\MERN\\FitnnestAI\\fitness-tracker-backend\\src\\auth\\guards\\jwt-auth.guard.ts": {"path":"F:\\PROYECTOS\\MERN\\FitnnestAI\\fitness-tracker-backend\\src\\auth\\guards\\jwt-auth.guard.ts","statementMap":{"0":{"start":{"line":1,"column":0},"end":{"line":1,"column":44}},"1":{"start":{"line":2,"column":0},"end":{"line":2,"column":45}},"2":{"start":{"line":5,"column":7},"end":{"line":5,"column":null}},"3":{"start":{"line":5,"column":13},"end":{"line":5,"column":25}},"4":{"start":{"line":5,"column":13},"end":{"line":5,"column":null}}},"fnMap":{},"branchMap":{},"s":{"0":4,"1":4,"2":4,"3":4,"4":4},"f":{},"b":{}}
,"F:\\PROYECTOS\\MERN\\FitnnestAI\\fitness-tracker-backend\\src\\auth\\strategies\\jwt.strategy.ts": {"path":"F:\\PROYECTOS\\MERN\\FitnnestAI\\fitness-tracker-backend\\src\\auth\\strategies\\jwt.strategy.ts","statementMap":{"0":{"start":{"line":1,"column":0},"end":{"line":1,"column":52}},"1":{"start":{"line":2,"column":0},"end":{"line":2,"column":52}},"2":{"start":{"line":3,"column":0},"end":{"line":3,"column":67}},"3":{"start":{"line":4,"column":0},"end":{"line":4,"column":47}},"4":{"start":{"line":5,"column":0},"end":{"line":5,"column":60}},"5":{"start":{"line":8,"column":7},"end":{"line":41,"column":null}},"6":{"start":{"line":13,"column":4},"end":{"line":17,"column":7}},"7":{"start":{"line":10,"column":12},"end":{"line":10,"column":20}},"8":{"start":{"line":11,"column":12},"end":{"line":11,"column":20}},"9":{"start":{"line":21,"column":4},"end":{"line":23,"column":5}},"10":{"start":{"line":22,"column":6},"end":{"line":22,"column":56}},"11":{"start":{"line":25,"column":17},"end":{"line":33,"column":6}},"12":{"start":{"line":35,"column":4},"end":{"line":37,"column":5}},"13":{"start":{"line":36,"column":6},"end":{"line":36,"column":63}},"14":{"start":{"line":39,"column":4},"end":{"line":39,"column":75}},"15":{"start":{"line":8,"column":13},"end":{"line":8,"column":24}},"16":{"start":{"line":8,"column":13},"end":{"line":41,"column":null}}},"fnMap":{"0":{"name":"(anonymous_2)","decl":{"start":{"line":9,"column":2},"end":{"line":9,"column":null}},"loc":{"start":{"line":11,"column":33},"end":{"line":18,"column":3}}},"1":{"name":"(anonymous_3)","decl":{"start":{"line":20,"column":2},"end":{"line":20,"column":7}},"loc":{"start":{"line":20,"column":56},"end":{"line":40,"column":3}}}},"branchMap":{"0":{"loc":{"start":{"line":21,"column":4},"end":{"line":23,"column":5}},"type":"if","locations":[{"start":{"line":21,"column":4},"end":{"line":23,"column":5}},{"start":{},"end":{}}]},"1":{"loc":{"start":{"line":35,"column":4},"end":{"line":37,"column":5}},"type":"if","locations":[{"start":{"line":35,"column":4},"end":{"line":37,"column":5}},{"start":{},"end":{}}]}},"s":{"0":0,"1":0,"2":0,"3":0,"4":0,"5":0,"6":0,"7":0,"8":0,"9":0,"10":0,"11":0,"12":0,"13":0,"14":0,"15":0,"16":0},"f":{"0":0,"1":0},"b":{"0":[0,0],"1":[0,0]}}
,"F:\\PROYECTOS\\MERN\\FitnnestAI\\fitness-tracker-backend\\src\\config\\gemini.ts": {"path":"F:\\PROYECTOS\\MERN\\FitnnestAI\\fitness-tracker-backend\\src\\config\\gemini.ts","statementMap":{"0":{"start":{"line":1,"column":0},"end":{"line":1,"column":44}},"1":{"start":{"line":2,"column":0},"end":{"line":2,"column":23}},"2":{"start":{"line":4,"column":11},"end":{"line":4,"column":66}},"3":{"start":{"line":7,"column":21},"end":{"line":10,"column":6}},"4":{"start":{"line":11,"column":4},"end":{"line":11,"column":25}},"5":{"start":{"line":14,"column":0},"end":{"line":14,"column":20}}},"fnMap":{"0":{"name":"main","decl":{"start":{"line":6,"column":15},"end":{"line":6,"column":19}},"loc":{"start":{"line":6,"column":34},"end":{"line":12,"column":1}}}},"branchMap":{},"s":{"0":1,"1":1,"2":1,"3":0,"4":0,"5":1},"f":{"0":0},"b":{}}
,"F:\\PROYECTOS\\MERN\\FitnnestAI\\fitness-tracker-backend\\src\\food-entries\\food-entries.controller.ts": {"path":"F:\\PROYECTOS\\MERN\\FitnnestAI\\fitness-tracker-backend\\src\\food-entries\\food-entries.controller.ts","statementMap":{"0":{"start":{"line":1,"column":0},"end":{"line":1,"column":null}},"1":{"start":{"line":13,"column":0},"end":{"line":13,"column":60}},"2":{"start":{"line":14,"column":0},"end":{"line":14,"column":94}},"3":{"start":{"line":15,"column":0},"end":{"line":15,"column":61}},"4":{"start":{"line":19,"column":7},"end":{"line":69,"column":null}},"5":{"start":{"line":20,"column":31},"end":{"line":20,"column":51}},"6":{"start":{"line":24,"column":4},"end":{"line":24,"column":79}},"7":{"start":{"line":29,"column":4},"end":{"line":29,"column":66}},"8":{"start":{"line":38,"column":4},"end":{"line":38,"column":86}},"9":{"start":{"line":43,"column":4},"end":{"line":43,"column":73}},"10":{"start":{"line":48,"column":4},"end":{"line":48,"column":62}},"11":{"start":{"line":53,"column":4},"end":{"line":53,"column":64}},"12":{"start":{"line":62,"column":4},"end":{"line":62,"column":83}},"13":{"start":{"line":67,"column":4},"end":{"line":67,"column":63}},"14":{"start":{"line":19,"column":13},"end":{"line":19,"column":34}},"15":{"start":{"line":23,"column":2},"end":{"line":25,"column":null}},"16":{"start":{"line":28,"column":2},"end":{"line":30,"column":null}},"17":{"start":{"line":33,"column":2},"end":{"line":39,"column":null}},"18":{"start":{"line":42,"column":2},"end":{"line":44,"column":null}},"19":{"start":{"line":47,"column":2},"end":{"line":49,"column":null}},"20":{"start":{"line":52,"column":2},"end":{"line":54,"column":null}},"21":{"start":{"line":57,"column":2},"end":{"line":63,"column":null}},"22":{"start":{"line":66,"column":2},"end":{"line":68,"column":null}},"23":{"start":{"line":19,"column":13},"end":{"line":69,"column":null}}},"fnMap":{"0":{"name":"(anonymous_4)","decl":{"start":{"line":20,"column":2},"end":{"line":20,"column":31}},"loc":{"start":{"line":20,"column":69},"end":{"line":20,"column":73}}},"1":{"name":"(anonymous_5)","decl":{"start":{"line":23,"column":2},"end":{"line":23,"column":8}},"loc":{"start":{"line":23,"column":71},"end":{"line":25,"column":3}}},"2":{"name":"(anonymous_6)","decl":{"start":{"line":28,"column":2},"end":{"line":28,"column":9}},"loc":{"start":{"line":28,"column":54},"end":{"line":30,"column":3}}},"3":{"name":"(anonymous_7)","decl":{"start":{"line":33,"column":2},"end":{"line":33,"column":13}},"loc":{"start":{"line":36,"column":40},"end":{"line":39,"column":3}}},"4":{"name":"(anonymous_8)","decl":{"start":{"line":42,"column":2},"end":{"line":42,"column":10}},"loc":{"start":{"line":42,"column":54},"end":{"line":44,"column":3}}},"5":{"name":"(anonymous_9)","decl":{"start":{"line":47,"column":2},"end":{"line":47,"column":13}},"loc":{"start":{"line":47,"column":42},"end":{"line":49,"column":3}}},"6":{"name":"(anonymous_10)","decl":{"start":{"line":52,"column":2},"end":{"line":52,"column":9}},"loc":{"start":{"line":52,"column":49},"end":{"line":54,"column":3}}},"7":{"name":"(anonymous_11)","decl":{"start":{"line":57,"column":2},"end":{"line":57,"column":8}},"loc":{"start":{"line":60,"column":50},"end":{"line":63,"column":3}}},"8":{"name":"(anonymous_12)","decl":{"start":{"line":66,"column":2},"end":{"line":66,"column":8}},"loc":{"start":{"line":66,"column":48},"end":{"line":68,"column":3}}}},"branchMap":{},"s":{"0":1,"1":1,"2":1,"3":1,"4":1,"5":14,"6":2,"7":1,"8":1,"9":1,"10":2,"11":2,"12":2,"13":2,"14":1,"15":1,"16":1,"17":1,"18":1,"19":1,"20":1,"21":1,"22":1,"23":1},"f":{"0":14,"1":2,"2":1,"3":1,"4":1,"5":2,"6":2,"7":2,"8":2},"b":{}}
,"F:\\PROYECTOS\\MERN\\FitnnestAI\\fitness-tracker-backend\\src\\food-entries\\food-entries.module.ts": {"path":"F:\\PROYECTOS\\MERN\\FitnnestAI\\fitness-tracker-backend\\src\\food-entries\\food-entries.module.ts","statementMap":{"0":{"start":{"line":1,"column":0},"end":{"line":1,"column":40}},"1":{"start":{"line":2,"column":0},"end":{"line":2,"column":60}},"2":{"start":{"line":3,"column":0},"end":{"line":3,"column":66}},"3":{"start":{"line":10,"column":7},"end":{"line":10,"column":null}},"4":{"start":{"line":10,"column":13},"end":{"line":10,"column":30}},"5":{"start":{"line":10,"column":13},"end":{"line":10,"column":null}}},"fnMap":{},"branchMap":{},"s":{"0":0,"1":0,"2":0,"3":0,"4":0,"5":0},"f":{},"b":{}}
,"F:\\PROYECTOS\\MERN\\FitnnestAI\\fitness-tracker-backend\\src\\food-entries\\food-entries.service.ts": {"path":"F:\\PROYECTOS\\MERN\\FitnnestAI\\fitness-tracker-backend\\src\\food-entries\\food-entries.service.ts","statementMap":{"0":{"start":{"line":1,"column":0},"end":{"line":1,"column":83}},"1":{"start":{"line":2,"column":0},"end":{"line":2,"column":57}},"2":{"start":{"line":4,"column":0},"end":{"line":4,"column":36}},"3":{"start":{"line":7,"column":7},"end":{"line":219,"column":null}},"4":{"start":{"line":8,"column":22},"end":{"line":8,"column":30}},"5":{"start":{"line":11,"column":23},"end":{"line":11,"column":90}},"6":{"start":{"line":13,"column":22},"end":{"line":19,"column":6}},"7":{"start":{"line":21,"column":4},"end":{"line":21,"column":21}},"8":{"start":{"line":25,"column":17},"end":{"line":27,"column":6}},"9":{"start":{"line":29,"column":4},"end":{"line":31,"column":5}},"10":{"start":{"line":30,"column":6},"end":{"line":30,"column":59}},"11":{"start":{"line":33,"column":23},"end":{"line":33,"column":42}},"12":{"start":{"line":34,"column":4},"end":{"line":36,"column":5}},"13":{"start":{"line":35,"column":6},"end":{"line":35,"column":24}},"14":{"start":{"line":38,"column":24},"end":{"line":41,"column":6}},"15":{"start":{"line":43,"column":4},"end":{"line":43,"column":23}},"16":{"start":{"line":47,"column":17},"end":{"line":49,"column":6}},"17":{"start":{"line":51,"column":4},"end":{"line":53,"column":5}},"18":{"start":{"line":52,"column":6},"end":{"line":52,"column":59}},"19":{"start":{"line":55,"column":24},"end":{"line":61,"column":6}},"20":{"start":{"line":63,"column":18},"end":{"line":74,"column":6}},"21":{"start":{"line":76,"column":4},"end":{"line":76,"column":34}},"22":{"start":{"line":80,"column":22},"end":{"line":82,"column":6}},"23":{"start":{"line":84,"column":4},"end":{"line":86,"column":5}},"24":{"start":{"line":85,"column":6},"end":{"line":85,"column":58}},"25":{"start":{"line":88,"column":4},"end":{"line":90,"column":5}},"26":{"start":{"line":89,"column":6},"end":{"line":89,"column":52}},"27":{"start":{"line":92,"column":4},"end":{"line":92,"column":21}},"28":{"start":{"line":96,"column":4},"end":{"line":96,"column":35}},"29":{"start":{"line":98,"column":22},"end":{"line":101,"column":6}},"30":{"start":{"line":103,"column":4},"end":{"line":103,"column":21}},"31":{"start":{"line":107,"column":4},"end":{"line":107,"column":35}},"32":{"start":{"line":109,"column":4},"end":{"line":111,"column":7}},"33":{"start":{"line":113,"column":4},"end":{"line":113,"column":58}},"34":{"start":{"line":117,"column":20},"end":{"line":122,"column":6}},"35":{"start":{"line":124,"column":26},"end":{"line":124,"column":81}},"36":{"start":{"line":124,"column":57},"end":{"line":124,"column":77}},"37":{"start":{"line":125,"column":27},"end":{"line":125,"column":90}},"38":{"start":{"line":125,"column":58},"end":{"line":125,"column":86}},"39":{"start":{"line":126,"column":23},"end":{"line":126,"column":82}},"40":{"start":{"line":126,"column":54},"end":{"line":126,"column":78}},"41":{"start":{"line":127,"column":22},"end":{"line":127,"column":80}},"42":{"start":{"line":127,"column":53},"end":{"line":127,"column":76}},"43":{"start":{"line":129,"column":23},"end":{"line":145,"column":10}},"44":{"start":{"line":130,"column":6},"end":{"line":138,"column":7}},"45":{"start":{"line":131,"column":8},"end":{"line":137,"column":10}},"46":{"start":{"line":139,"column":6},"end":{"line":139,"column":34}},"47":{"start":{"line":140,"column":6},"end":{"line":140,"column":53}},"48":{"start":{"line":141,"column":6},"end":{"line":141,"column":60}},"49":{"start":{"line":142,"column":6},"end":{"line":142,"column":52}},"50":{"start":{"line":143,"column":6},"end":{"line":143,"column":50}},"51":{"start":{"line":144,"column":6},"end":{"line":144,"column":17}},"52":{"start":{"line":147,"column":4},"end":{"line":156,"column":6}},"53":{"start":{"line":160,"column":19},"end":{"line":172,"column":89}},"54":{"start":{"line":174,"column":4},"end":{"line":174,"column":41}},"55":{"start":{"line":176,"column":4},"end":{"line":217,"column":5}},"56":{"start":{"line":177,"column":23},"end":{"line":177,"column":41}},"57":{"start":{"line":178,"column":6},"end":{"line":178,"column":52}},"58":{"start":{"line":181,"column":23},"end":{"line":181,"column":38}},"59":{"start":{"line":184,"column":6},"end":{"line":184,"column":57}},"60":{"start":{"line":185,"column":6},"end":{"line":185,"column":53}},"61":{"start":{"line":188,"column":28},"end":{"line":188,"column":50}},"62":{"start":{"line":190,"column":6},"end":{"line":200,"column":8}},"63":{"start":{"line":202,"column":6},"end":{"line":202,"column":58}},"64":{"start":{"line":205,"column":6},"end":{"line":216,"column":8}},"65":{"start":{"line":7,"column":13},"end":{"line":7,"column":31}},"66":{"start":{"line":7,"column":13},"end":{"line":219,"column":null}}},"fnMap":{"0":{"name":"(anonymous_2)","decl":{"start":{"line":8,"column":2},"end":{"line":8,"column":22}},"loc":{"start":{"line":8,"column":43},"end":{"line":8,"column":47}}},"1":{"name":"(anonymous_3)","decl":{"start":{"line":10,"column":2},"end":{"line":10,"column":7}},"loc":{"start":{"line":10,"column":69},"end":{"line":22,"column":3}}},"2":{"name":"(anonymous_4)","decl":{"start":{"line":24,"column":2},"end":{"line":24,"column":7}},"loc":{"start":{"line":24,"column":45},"end":{"line":44,"column":3}}},"3":{"name":"(anonymous_5)","decl":{"start":{"line":46,"column":2},"end":{"line":46,"column":7}},"loc":{"start":{"line":46,"column":72},"end":{"line":77,"column":3}}},"4":{"name":"(anonymous_6)","decl":{"start":{"line":79,"column":2},"end":{"line":79,"column":7}},"loc":{"start":{"line":79,"column":42},"end":{"line":93,"column":3}}},"5":{"name":"(anonymous_7)","decl":{"start":{"line":95,"column":2},"end":{"line":95,"column":7}},"loc":{"start":{"line":95,"column":81},"end":{"line":104,"column":3}}},"6":{"name":"(anonymous_8)","decl":{"start":{"line":106,"column":2},"end":{"line":106,"column":7}},"loc":{"start":{"line":106,"column":41},"end":{"line":114,"column":3}}},"7":{"name":"(anonymous_9)","decl":{"start":{"line":116,"column":2},"end":{"line":116,"column":7}},"loc":{"start":{"line":116,"column":51},"end":{"line":157,"column":3}}},"8":{"name":"(anonymous_10)","decl":{"start":{"line":124,"column":41},"end":{"line":124,"column":42}},"loc":{"start":{"line":124,"column":57},"end":{"line":124,"column":77}}},"9":{"name":"(anonymous_11)","decl":{"start":{"line":125,"column":42},"end":{"line":125,"column":43}},"loc":{"start":{"line":125,"column":58},"end":{"line":125,"column":86}}},"10":{"name":"(anonymous_12)","decl":{"start":{"line":126,"column":38},"end":{"line":126,"column":39}},"loc":{"start":{"line":126,"column":54},"end":{"line":126,"column":78}}},"11":{"name":"(anonymous_13)","decl":{"start":{"line":127,"column":37},"end":{"line":127,"column":38}},"loc":{"start":{"line":127,"column":53},"end":{"line":127,"column":76}}},"12":{"name":"(anonymous_14)","decl":{"start":{"line":129,"column":38},"end":{"line":129,"column":39}},"loc":{"start":{"line":129,"column":53},"end":{"line":145,"column":5}}},"13":{"name":"(anonymous_15)","decl":{"start":{"line":159,"column":2},"end":{"line":159,"column":7}},"loc":{"start":{"line":159,"column":36},"end":{"line":218,"column":3}}}},"branchMap":{"0":{"loc":{"start":{"line":29,"column":4},"end":{"line":31,"column":5}},"type":"if","locations":[{"start":{"line":29,"column":4},"end":{"line":31,"column":5}},{"start":{},"end":{}}]},"1":{"loc":{"start":{"line":34,"column":4},"end":{"line":36,"column":5}},"type":"if","locations":[{"start":{"line":34,"column":4},"end":{"line":36,"column":5}},{"start":{},"end":{}}]},"2":{"loc":{"start":{"line":51,"column":4},"end":{"line":53,"column":5}},"type":"if","locations":[{"start":{"line":51,"column":4},"end":{"line":53,"column":5}},{"start":{},"end":{}}]},"3":{"loc":{"start":{"line":84,"column":4},"end":{"line":86,"column":5}},"type":"if","locations":[{"start":{"line":84,"column":4},"end":{"line":86,"column":5}},{"start":{},"end":{}}]},"4":{"loc":{"start":{"line":88,"column":4},"end":{"line":90,"column":5}},"type":"if","locations":[{"start":{"line":88,"column":4},"end":{"line":90,"column":5}},{"start":{},"end":{}}]},"5":{"loc":{"start":{"line":125,"column":65},"end":{"line":125,"column":85}},"type":"binary-expr","locations":[{"start":{"line":125,"column":65},"end":{"line":125,"column":80}},{"start":{"line":125,"column":84},"end":{"line":125,"column":85}}]},"6":{"loc":{"start":{"line":126,"column":61},"end":{"line":126,"column":77}},"type":"binary-expr","locations":[{"start":{"line":126,"column":61},"end":{"line":126,"column":72}},{"start":{"line":126,"column":76},"end":{"line":126,"column":77}}]},"7":{"loc":{"start":{"line":127,"column":60},"end":{"line":127,"column":75}},"type":"binary-expr","locations":[{"start":{"line":127,"column":60},"end":{"line":127,"column":70}},{"start":{"line":127,"column":74},"end":{"line":127,"column":75}}]},"8":{"loc":{"start":{"line":130,"column":6},"end":{"line":138,"column":7}},"type":"if","locations":[{"start":{"line":130,"column":6},"end":{"line":138,"column":7}},{"start":{},"end":{}}]},"9":{"loc":{"start":{"line":141,"column":39},"end":{"line":141,"column":59}},"type":"binary-expr","locations":[{"start":{"line":141,"column":39},"end":{"line":141,"column":54}},{"start":{"line":141,"column":58},"end":{"line":141,"column":59}}]},"10":{"loc":{"start":{"line":142,"column":35},"end":{"line":142,"column":51}},"type":"binary-expr","locations":[{"start":{"line":142,"column":35},"end":{"line":142,"column":46}},{"start":{"line":142,"column":50},"end":{"line":142,"column":51}}]},"11":{"loc":{"start":{"line":143,"column":34},"end":{"line":143,"column":49}},"type":"binary-expr","locations":[{"start":{"line":143,"column":34},"end":{"line":143,"column":44}},{"start":{"line":143,"column":48},"end":{"line":143,"column":49}}]},"12":{"loc":{"start":{"line":193,"column":18},"end":{"line":193,"column":50}},"type":"binary-expr","locations":[{"start":{"line":193,"column":18},"end":{"line":193,"column":38}},{"start":{"line":193,"column":42},"end":{"line":193,"column":50}}]},"13":{"loc":{"start":{"line":194,"column":20},"end":{"line":194,"column":57}},"type":"binary-expr","locations":[{"start":{"line":194,"column":20},"end":{"line":194,"column":52}},{"start":{"line":194,"column":56},"end":{"line":194,"column":57}}]},"14":{"loc":{"start":{"line":195,"column":21},"end":{"line":195,"column":59}},"type":"binary-expr","locations":[{"start":{"line":195,"column":21},"end":{"line":195,"column":54}},{"start":{"line":195,"column":58},"end":{"line":195,"column":59}}]},"15":{"loc":{"start":{"line":196,"column":25},"end":{"line":196,"column":67}},"type":"binary-expr","locations":[{"start":{"line":196,"column":25},"end":{"line":196,"column":62}},{"start":{"line":196,"column":66},"end":{"line":196,"column":67}}]},"16":{"loc":{"start":{"line":197,"column":18},"end":{"line":197,"column":53}},"type":"binary-expr","locations":[{"start":{"line":197,"column":18},"end":{"line":197,"column":48}},{"start":{"line":197,"column":52},"end":{"line":197,"column":53}}]},"17":{"loc":{"start":{"line":198,"column":19},"end":{"line":198,"column":50}},"type":"binary-expr","locations":[{"start":{"line":198,"column":19},"end":{"line":198,"column":40}},{"start":{"line":198,"column":44},"end":{"line":198,"column":50}}]}},"s":{"0":1,"1":1,"2":1,"3":1,"4":0,"5":0,"6":0,"7":0,"8":0,"9":0,"10":0,"11":0,"12":0,"13":0,"14":0,"15":0,"16":0,"17":0,"18":0,"19":0,"20":0,"21":0,"22":0,"23":0,"24":0,"25":0,"26":0,"27":0,"28":0,"29":0,"30":0,"31":0,"32":0,"33":0,"34":0,"35":0,"36":0,"37":0,"38":0,"39":0,"40":0,"41":0,"42":0,"43":0,"44":0,"45":0,"46":0,"47":0,"48":0,"49":0,"50":0,"51":0,"52":0,"53":0,"54":0,"55":0,"56":0,"57":0,"58":0,"59":0,"60":0,"61":0,"62":0,"63":0,"64":0,"65":1,"66":1},"f":{"0":0,"1":0,"2":0,"3":0,"4":0,"5":0,"6":0,"7":0,"8":0,"9":0,"10":0,"11":0,"12":0,"13":0},"b":{"0":[0,0],"1":[0,0],"2":[0,0],"3":[0,0],"4":[0,0],"5":[0,0],"6":[0,0],"7":[0,0],"8":[0,0],"9":[0,0],"10":[0,0],"11":[0,0],"12":[0,0],"13":[0,0],"14":[0,0],"15":[0,0],"16":[0,0],"17":[0,0]}}
,"F:\\PROYECTOS\\MERN\\FitnnestAI\\fitness-tracker-backend\\src\\food-entries\\dto\\food-entry.dto.ts": {"path":"F:\\PROYECTOS\\MERN\\FitnnestAI\\fitness-tracker-backend\\src\\food-entries\\dto\\food-entry.dto.ts","statementMap":{"0":{"start":{"line":1,"column":0},"end":{"line":1,"column":84}},"1":{"start":{"line":2,"column":0},"end":{"line":2,"column":51}},"2":{"start":{"line":4,"column":0},"end":{"line":4,"column":null}},"3":{"start":{"line":5,"column":2},"end":{"line":5,"column":null}},"4":{"start":{"line":6,"column":2},"end":{"line":6,"column":null}},"5":{"start":{"line":7,"column":2},"end":{"line":7,"column":null}},"6":{"start":{"line":8,"column":2},"end":{"line":8,"column":null}},"7":{"start":{"line":11,"column":0},"end":{"line":11,"column":13}},"8":{"start":{"line":13,"column":2},"end":{"line":13,"column":null}},"9":{"start":{"line":17,"column":2},"end":{"line":17,"column":null}},"10":{"start":{"line":20,"column":2},"end":{"line":20,"column":null}},"11":{"start":{"line":25,"column":2},"end":{"line":25,"column":null}},"12":{"start":{"line":30,"column":2},"end":{"line":30,"column":null}},"13":{"start":{"line":35,"column":2},"end":{"line":35,"column":null}},"14":{"start":{"line":40,"column":2},"end":{"line":40,"column":null}},"15":{"start":{"line":46,"column":2},"end":{"line":46,"column":null}},"16":{"start":{"line":49,"column":0},"end":{"line":49,"column":13}},"17":{"start":{"line":51,"column":0},"end":{"line":51,"column":13}},"18":{"start":{"line":53,"column":2},"end":{"line":53,"column":null}}},"fnMap":{"0":{"name":"(anonymous_2)","decl":{"start":{"line":4,"column":0},"end":{"line":4,"column":12}},"loc":{"start":{"line":4,"column":20},"end":{"line":9,"column":1}}}},"branchMap":{"0":{"loc":{"start":{"line":4,"column":12},"end":{"line":4,"column":null}},"type":"binary-expr","locations":[{"start":{"line":4,"column":12},"end":{"line":4,"column":20}},{"start":{"line":4,"column":20},"end":{"line":4,"column":null}}]}},"s":{"0":1,"1":1,"2":1,"3":1,"4":1,"5":1,"6":1,"7":1,"8":1,"9":1,"10":1,"11":1,"12":1,"13":1,"14":1,"15":1,"16":1,"17":1,"18":1},"f":{"0":1},"b":{"0":[1,1]}}
,"F:\\PROYECTOS\\MERN\\FitnnestAI\\fitness-tracker-backend\\src\\prisma\\prisma.module.ts": {"path":"F:\\PROYECTOS\\MERN\\FitnnestAI\\fitness-tracker-backend\\src\\prisma\\prisma.module.ts","statementMap":{"0":{"start":{"line":1,"column":0},"end":{"line":1,"column":48}},"1":{"start":{"line":2,"column":0},"end":{"line":2,"column":49}},"2":{"start":{"line":9,"column":7},"end":{"line":9,"column":null}},"3":{"start":{"line":9,"column":13},"end":{"line":9,"column":25}},"4":{"start":{"line":9,"column":13},"end":{"line":9,"column":null}}},"fnMap":{},"branchMap":{},"s":{"0":0,"1":0,"2":0,"3":0,"4":0},"f":{},"b":{}}
,"F:\\PROYECTOS\\MERN\\FitnnestAI\\fitness-tracker-backend\\src\\prisma\\prisma.service.ts": {"path":"F:\\PROYECTOS\\MERN\\FitnnestAI\\fitness-tracker-backend\\src\\prisma\\prisma.service.ts","statementMap":{"0":{"start":{"line":1,"column":0},"end":{"line":1,"column":75}},"1":{"start":{"line":2,"column":0},"end":{"line":2,"column":46}},"2":{"start":{"line":5,"column":7},"end":{"line":29,"column":null}},"3":{"start":{"line":7,"column":4},"end":{"line":12,"column":16}},"4":{"start":{"line":16,"column":4},"end":{"line":16,"column":26}},"5":{"start":{"line":17,"column":4},"end":{"line":17,"column":57}},"6":{"start":{"line":21,"column":4},"end":{"line":21,"column":29}},"7":{"start":{"line":22,"column":4},"end":{"line":22,"column":62}},"8":{"start":{"line":27,"column":4},"end":{"line":27,"column":39}},"9":{"start":{"line":5,"column":13},"end":{"line":5,"column":26}},"10":{"start":{"line":5,"column":13},"end":{"line":29,"column":null}}},"fnMap":{"0":{"name":"(anonymous_2)","decl":{"start":{"line":6,"column":2},"end":{"line":6,"column":null}},"loc":{"start":{"line":6,"column":2},"end":{"line":13,"column":3}}},"1":{"name":"(anonymous_3)","decl":{"start":{"line":15,"column":2},"end":{"line":15,"column":7}},"loc":{"start":{"line":15,"column":20},"end":{"line":18,"column":3}}},"2":{"name":"(anonymous_4)","decl":{"start":{"line":20,"column":2},"end":{"line":20,"column":7}},"loc":{"start":{"line":20,"column":23},"end":{"line":23,"column":3}}},"3":{"name":"(anonymous_5)","decl":{"start":{"line":26,"column":2},"end":{"line":26,"column":7}},"loc":{"start":{"line":26,"column":70},"end":{"line":28,"column":3}}}},"branchMap":{"0":{"loc":{"start":{"line":9,"column":13},"end":{"line":11,"column":21}},"type":"cond-expr","locations":[{"start":{"line":10,"column":12},"end":{"line":10,"column":46}},{"start":{"line":11,"column":12},"end":{"line":11,"column":21}}]}},"s":{"0":5,"1":5,"2":5,"3":0,"4":0,"5":0,"6":0,"7":0,"8":0,"9":5,"10":5},"f":{"0":0,"1":0,"2":0,"3":0},"b":{"0":[0,0]}}
,"F:\\PROYECTOS\\MERN\\FitnnestAI\\fitness-tracker-backend\\src\\test-utils\\test-utils.ts": {"path":"F:\\PROYECTOS\\MERN\\FitnnestAI\\fitness-tracker-backend\\src\\test-utils\\test-utils.ts","statementMap":{"0":{"start":{"line":1,"column":0},"end":{"line":1,"column":41}},"1":{"start":{"line":5,"column":24},"end":{"line":22,"column":2}},"2":{"start":{"line":5,"column":74},"end":{"line":22,"column":2}},"3":{"start":{"line":5,"column":13},"end":{"line":5,"column":24}},"4":{"start":{"line":42,"column":29},"end":{"line":56,"column":2}},"5":{"start":{"line":42,"column":89},"end":{"line":56,"column":2}},"6":{"start":{"line":42,"column":13},"end":{"line":42,"column":29}},"7":{"start":{"line":73,"column":33},"end":{"line":83,"column":2}},"8":{"start":{"line":73,"column":101},"end":{"line":83,"column":2}},"9":{"start":{"line":73,"column":13},"end":{"line":73,"column":33}},"10":{"start":{"line":98,"column":29},"end":{"line":101,"column":1}},"11":{"start":{"line":99,"column":38},"end":{"line":99,"column":57}},"12":{"start":{"line":100,"column":4},"end":{"line":100,"column":16}},"13":{"start":{"line":98,"column":13},"end":{"line":98,"column":29}},"14":{"start":{"line":105,"column":13},"end":{"line":105,"column":66}},"15":{"start":{"line":107,"column":33},"end":{"line":110,"column":1}},"16":{"start":{"line":108,"column":23},"end":{"line":108,"column":66}},"17":{"start":{"line":109,"column":4},"end":{"line":109,"column":57}},"18":{"start":{"line":107,"column":13},"end":{"line":107,"column":33}},"19":{"start":{"line":112,"column":30},"end":{"line":113,"column":70}},"20":{"start":{"line":113,"column":4},"end":{"line":113,"column":70}},"21":{"start":{"line":112,"column":13},"end":{"line":112,"column":30}},"22":{"start":{"line":115,"column":35},"end":{"line":116,"column":75}},"23":{"start":{"line":116,"column":4},"end":{"line":116,"column":75}},"24":{"start":{"line":115,"column":13},"end":{"line":115,"column":35}},"25":{"start":{"line":120,"column":13},"end":{"line":143,"column":2}},"26":{"start":{"line":145,"column":13},"end":{"line":155,"column":2}},"27":{"start":{"line":147,"column":47},"end":{"line":152,"column":10}},"28":{"start":{"line":153,"column":8},"end":{"line":153,"column":43}}},"fnMap":{"0":{"name":"(anonymous_0)","decl":{"start":{"line":5,"column":24},"end":{"line":5,"column":25}},"loc":{"start":{"line":5,"column":74},"end":{"line":22,"column":2}}},"1":{"name":"(anonymous_1)","decl":{"start":{"line":42,"column":29},"end":{"line":42,"column":30}},"loc":{"start":{"line":42,"column":89},"end":{"line":56,"column":2}}},"2":{"name":"(anonymous_2)","decl":{"start":{"line":73,"column":33},"end":{"line":73,"column":34}},"loc":{"start":{"line":73,"column":101},"end":{"line":83,"column":2}}},"3":{"name":"(anonymous_3)","decl":{"start":{"line":98,"column":29},"end":{"line":98,"column":30}},"loc":{"start":{"line":98,"column":67},"end":{"line":101,"column":1}}},"4":{"name":"(anonymous_4)","decl":{"start":{"line":107,"column":33},"end":{"line":107,"column":34}},"loc":{"start":{"line":107,"column":85},"end":{"line":110,"column":1}}},"5":{"name":"(anonymous_5)","decl":{"start":{"line":112,"column":30},"end":{"line":112,"column":33}},"loc":{"start":{"line":113,"column":4},"end":{"line":113,"column":70}}},"6":{"name":"(anonymous_6)","decl":{"start":{"line":115,"column":35},"end":{"line":115,"column":38}},"loc":{"start":{"line":116,"column":4},"end":{"line":116,"column":75}}},"7":{"name":"(anonymous_7)","decl":{"start":{"line":146,"column":17},"end":{"line":146,"column":18}},"loc":{"start":{"line":146,"column":56},"end":{"line":154,"column":5}}}},"branchMap":{"0":{"loc":{"start":{"line":5,"column":25},"end":{"line":5,"column":58}},"type":"default-arg","locations":[{"start":{"line":5,"column":56},"end":{"line":5,"column":58}}]},"1":{"loc":{"start":{"line":42,"column":30},"end":{"line":42,"column":68}},"type":"default-arg","locations":[{"start":{"line":42,"column":66},"end":{"line":42,"column":68}}]},"2":{"loc":{"start":{"line":73,"column":34},"end":{"line":73,"column":76}},"type":"default-arg","locations":[{"start":{"line":73,"column":74},"end":{"line":73,"column":76}}]},"3":{"loc":{"start":{"line":98,"column":30},"end":{"line":98,"column":63}},"type":"default-arg","locations":[{"start":{"line":98,"column":61},"end":{"line":98,"column":63}}]},"4":{"loc":{"start":{"line":153,"column":15},"end":{"line":153,"column":42}},"type":"binary-expr","locations":[{"start":{"line":153,"column":15},"end":{"line":153,"column":26}},{"start":{"line":153,"column":30},"end":{"line":153,"column":42}}]}},"s":{"0":5,"1":5,"2":20,"3":5,"4":5,"5":5,"6":5,"7":5,"8":8,"9":5,"10":5,"11":8,"12":8,"13":5,"14":5,"15":5,"16":0,"17":0,"18":5,"19":5,"20":0,"21":5,"22":5,"23":0,"24":5,"25":5,"26":5,"27":40,"28":40},"f":{"0":20,"1":5,"2":8,"3":8,"4":0,"5":0,"6":0,"7":40},"b":{"0":[12],"1":[4],"2":[6],"3":[8],"4":[40,0]}}
,"F:\\PROYECTOS\\MERN\\FitnnestAI\\fitness-tracker-backend\\src\\users\\users.controller.ts": {"path":"F:\\PROYECTOS\\MERN\\FitnnestAI\\fitness-tracker-backend\\src\\users\\users.controller.ts","statementMap":{"0":{"start":{"line":1,"column":0},"end":{"line":1,"column":null}},"1":{"start":{"line":12,"column":0},"end":{"line":12,"column":47}},"2":{"start":{"line":13,"column":0},"end":{"line":13,"column":68}},"3":{"start":{"line":14,"column":0},"end":{"line":14,"column":61}},"4":{"start":{"line":15,"column":0},"end":{"line":15,"column":84}},"5":{"start":{"line":19,"column":7},"end":{"line":62,"column":null}},"6":{"start":{"line":20,"column":31},"end":{"line":20,"column":45}},"7":{"start":{"line":30,"column":4},"end":{"line":30,"column":51}},"8":{"start":{"line":40,"column":4},"end":{"line":40,"column":54}},"9":{"start":{"line":50,"column":4},"end":{"line":50,"column":55}},"10":{"start":{"line":60,"column":4},"end":{"line":60,"column":40}},"11":{"start":{"line":19,"column":13},"end":{"line":19,"column":28}},"12":{"start":{"line":29,"column":2},"end":{"line":31,"column":null}},"13":{"start":{"line":39,"column":2},"end":{"line":41,"column":null}},"14":{"start":{"line":49,"column":2},"end":{"line":51,"column":null}},"15":{"start":{"line":59,"column":2},"end":{"line":61,"column":null}},"16":{"start":{"line":19,"column":13},"end":{"line":62,"column":null}}},"fnMap":{"0":{"name":"(anonymous_4)","decl":{"start":{"line":20,"column":2},"end":{"line":20,"column":31}},"loc":{"start":{"line":20,"column":57},"end":{"line":20,"column":62}}},"1":{"name":"(anonymous_5)","decl":{"start":{"line":29,"column":2},"end":{"line":29,"column":8}},"loc":{"start":{"line":29,"column":45},"end":{"line":31,"column":3}}},"2":{"name":"(anonymous_6)","decl":{"start":{"line":39,"column":2},"end":{"line":39,"column":12}},"loc":{"start":{"line":39,"column":27},"end":{"line":41,"column":3}}},"3":{"name":"(anonymous_7)","decl":{"start":{"line":49,"column":2},"end":{"line":49,"column":8}},"loc":{"start":{"line":49,"column":70},"end":{"line":51,"column":3}}},"4":{"name":"(anonymous_8)","decl":{"start":{"line":59,"column":2},"end":{"line":59,"column":8}},"loc":{"start":{"line":59,"column":32},"end":{"line":61,"column":3}}}},"branchMap":{},"s":{"0":1,"1":1,"2":1,"3":1,"4":1,"5":1,"6":11,"7":0,"8":2,"9":3,"10":2,"11":1,"12":1,"13":1,"14":1,"15":1,"16":1},"f":{"0":11,"1":0,"2":2,"3":3,"4":2},"b":{}}
,"F:\\PROYECTOS\\MERN\\FitnnestAI\\fitness-tracker-backend\\src\\users\\users.module.ts": {"path":"F:\\PROYECTOS\\MERN\\FitnnestAI\\fitness-tracker-backend\\src\\users\\users.module.ts","statementMap":{"0":{"start":{"line":1,"column":0},"end":{"line":1,"column":40}},"1":{"start":{"line":2,"column":0},"end":{"line":2,"column":47}},"2":{"start":{"line":3,"column":0},"end":{"line":3,"column":53}},"3":{"start":{"line":11,"column":7},"end":{"line":11,"column":null}},"4":{"start":{"line":11,"column":13},"end":{"line":11,"column":24}},"5":{"start":{"line":11,"column":13},"end":{"line":11,"column":null}}},"fnMap":{},"branchMap":{},"s":{"0":0,"1":0,"2":0,"3":0,"4":0,"5":0},"f":{},"b":{}}
,"F:\\PROYECTOS\\MERN\\FitnnestAI\\fitness-tracker-backend\\src\\users\\users.service.ts": {"path":"F:\\PROYECTOS\\MERN\\FitnnestAI\\fitness-tracker-backend\\src\\users\\users.service.ts","statementMap":{"0":{"start":{"line":1,"column":0},"end":{"line":1,"column":82}},"1":{"start":{"line":2,"column":0},"end":{"line":2,"column":57}},"2":{"start":{"line":3,"column":0},"end":{"line":3,"column":33}},"3":{"start":{"line":7,"column":7},"end":{"line":208,"column":null}},"4":{"start":{"line":8,"column":22},"end":{"line":8,"column":30}},"5":{"start":{"line":12,"column":25},"end":{"line":19,"column":6}},"6":{"start":{"line":21,"column":4},"end":{"line":23,"column":5}},"7":{"start":{"line":22,"column":6},"end":{"line":22,"column":64}},"8":{"start":{"line":26,"column":29},"end":{"line":26,"column":61}},"9":{"start":{"line":27,"column":27},"end":{"line":27,"column":57}},"10":{"start":{"line":29,"column":4},"end":{"line":33,"column":5}},"11":{"start":{"line":30,"column":23},"end":{"line":30,"column":58}},"12":{"start":{"line":31,"column":6},"end":{"line":31,"column":45}},"13":{"start":{"line":32,"column":6},"end":{"line":32,"column":39}},"14":{"start":{"line":36,"column":17},"end":{"line":58,"column":6}},"15":{"start":{"line":60,"column":4},"end":{"line":60,"column":16}},"16":{"start":{"line":64,"column":17},"end":{"line":82,"column":6}},"17":{"start":{"line":84,"column":4},"end":{"line":86,"column":5}},"18":{"start":{"line":85,"column":6},"end":{"line":85,"column":59}},"19":{"start":{"line":88,"column":4},"end":{"line":88,"column":16}},"20":{"start":{"line":92,"column":17},"end":{"line":110,"column":6}},"21":{"start":{"line":112,"column":4},"end":{"line":114,"column":5}},"22":{"start":{"line":113,"column":6},"end":{"line":113,"column":59}},"23":{"start":{"line":116,"column":4},"end":{"line":116,"column":16}},"24":{"start":{"line":120,"column":4},"end":{"line":122,"column":7}},"25":{"start":{"line":126,"column":4},"end":{"line":128,"column":7}},"26":{"start":{"line":132,"column":4},"end":{"line":132,"column":27}},"27":{"start":{"line":135,"column":4},"end":{"line":139,"column":5}},"28":{"start":{"line":136,"column":23},"end":{"line":136,"column":58}},"29":{"start":{"line":137,"column":6},"end":{"line":137,"column":59}},"30":{"start":{"line":138,"column":6},"end":{"line":138,"column":53}},"31":{"start":{"line":142,"column":4},"end":{"line":144,"column":5}},"32":{"start":{"line":143,"column":6},"end":{"line":143,"column":77}},"33":{"start":{"line":146,"column":17},"end":{"line":165,"column":6}},"34":{"start":{"line":167,"column":4},"end":{"line":167,"column":16}},"35":{"start":{"line":171,"column":4},"end":{"line":171,"column":27}},"36":{"start":{"line":173,"column":4},"end":{"line":175,"column":7}},"37":{"start":{"line":177,"column":4},"end":{"line":177,"column":52}},"38":{"start":{"line":181,"column":22},"end":{"line":204,"column":6}},"39":{"start":{"line":206,"column":4},"end":{"line":206,"column":88}},"40":{"start":{"line":206,"column":35},"end":{"line":206,"column":51}},"41":{"start":{"line":7,"column":13},"end":{"line":7,"column":25}},"42":{"start":{"line":7,"column":13},"end":{"line":208,"column":null}}},"fnMap":{"0":{"name":"(anonymous_2)","decl":{"start":{"line":8,"column":2},"end":{"line":8,"column":22}},"loc":{"start":{"line":8,"column":43},"end":{"line":8,"column":48}}},"1":{"name":"(anonymous_3)","decl":{"start":{"line":10,"column":2},"end":{"line":10,"column":7}},"loc":{"start":{"line":10,"column":43},"end":{"line":61,"column":3}}},"2":{"name":"(anonymous_4)","decl":{"start":{"line":63,"column":2},"end":{"line":63,"column":7}},"loc":{"start":{"line":63,"column":26},"end":{"line":89,"column":3}}},"3":{"name":"(anonymous_5)","decl":{"start":{"line":91,"column":2},"end":{"line":91,"column":7}},"loc":{"start":{"line":91,"column":27},"end":{"line":117,"column":3}}},"4":{"name":"(anonymous_6)","decl":{"start":{"line":119,"column":2},"end":{"line":119,"column":7}},"loc":{"start":{"line":119,"column":33},"end":{"line":123,"column":3}}},"5":{"name":"(anonymous_7)","decl":{"start":{"line":125,"column":2},"end":{"line":125,"column":7}},"loc":{"start":{"line":125,"column":39},"end":{"line":129,"column":3}}},"6":{"name":"(anonymous_8)","decl":{"start":{"line":131,"column":2},"end":{"line":131,"column":7}},"loc":{"start":{"line":131,"column":55},"end":{"line":168,"column":3}}},"7":{"name":"(anonymous_9)","decl":{"start":{"line":170,"column":2},"end":{"line":170,"column":7}},"loc":{"start":{"line":170,"column":25},"end":{"line":178,"column":3}}},"8":{"name":"(anonymous_10)","decl":{"start":{"line":180,"column":10},"end":{"line":180,"column":21}},"loc":{"start":{"line":180,"column":33},"end":{"line":207,"column":3}}},"9":{"name":"(anonymous_11)","decl":{"start":{"line":206,"column":26},"end":{"line":206,"column":31}},"loc":{"start":{"line":206,"column":35},"end":{"line":206,"column":51}}}},"branchMap":{"0":{"loc":{"start":{"line":21,"column":4},"end":{"line":23,"column":5}},"type":"if","locations":[{"start":{"line":21,"column":4},"end":{"line":23,"column":5}},{"start":{},"end":{}}]},"1":{"loc":{"start":{"line":29,"column":4},"end":{"line":33,"column":5}},"type":"if","locations":[{"start":{"line":29,"column":4},"end":{"line":33,"column":5}},{"start":{},"end":{}}]},"2":{"loc":{"start":{"line":29,"column":8},"end":{"line":29,"column":62}},"type":"binary-expr","locations":[{"start":{"line":29,"column":8},"end":{"line":29,"column":25}},{"start":{"line":29,"column":29},"end":{"line":29,"column":62}}]},"3":{"loc":{"start":{"line":84,"column":4},"end":{"line":86,"column":5}},"type":"if","locations":[{"start":{"line":84,"column":4},"end":{"line":86,"column":5}},{"start":{},"end":{}}]},"4":{"loc":{"start":{"line":112,"column":4},"end":{"line":114,"column":5}},"type":"if","locations":[{"start":{"line":112,"column":4},"end":{"line":114,"column":5}},{"start":{},"end":{}}]},"5":{"loc":{"start":{"line":135,"column":4},"end":{"line":139,"column":5}},"type":"if","locations":[{"start":{"line":135,"column":4},"end":{"line":139,"column":5}},{"start":{},"end":{}}]},"6":{"loc":{"start":{"line":135,"column":8},"end":{"line":135,"column":62}},"type":"binary-expr","locations":[{"start":{"line":135,"column":8},"end":{"line":135,"column":25}},{"start":{"line":135,"column":29},"end":{"line":135,"column":62}}]},"7":{"loc":{"start":{"line":142,"column":4},"end":{"line":144,"column":5}},"type":"if","locations":[{"start":{"line":142,"column":4},"end":{"line":144,"column":5}},{"start":{},"end":{}}]},"8":{"loc":{"start":{"line":206,"column":11},"end":{"line":206,"column":87}},"type":"binary-expr","locations":[{"start":{"line":206,"column":11},"end":{"line":206,"column":52}},{"start":{"line":206,"column":56},"end":{"line":206,"column":87}}]}},"s":{"0":3,"1":3,"2":3,"3":3,"4":0,"5":0,"6":0,"7":0,"8":0,"9":0,"10":0,"11":0,"12":0,"13":0,"14":0,"15":0,"16":0,"17":0,"18":0,"19":0,"20":0,"21":0,"22":0,"23":0,"24":0,"25":0,"26":0,"27":0,"28":0,"29":0,"30":0,"31":0,"32":0,"33":0,"34":0,"35":0,"36":0,"37":0,"38":0,"39":0,"40":0,"41":3,"42":3},"f":{"0":0,"1":0,"2":0,"3":0,"4":0,"5":0,"6":0,"7":0,"8":0,"9":0},"b":{"0":[0,0],"1":[0,0],"2":[0,0],"3":[0,0],"4":[0,0],"5":[0,0],"6":[0,0],"7":[0,0],"8":[0,0]}}
}
