TN:
SF:src\app.module.ts
FNF:0
FNH:0
DA:1,0
DA:2,0
DA:3,0
DA:4,0
DA:5,0
DA:6,0
DA:7,0
DA:22,0
LF:8
LH:0
BRF:0
BRH:0
end_of_record
TN:
SF:src\main.ts
FN:6,bootstrap
FNF:1
FNH:0
FNDA:0,bootstrap
DA:1,0
DA:2,0
DA:3,0
DA:4,0
DA:7,0
DA:10,0
DA:17,0
DA:29,0
DA:31,0
DA:42,0
DA:43,0
DA:49,0
DA:50,0
DA:52,0
DA:55,0
LF:15
LH:0
BRDA:49,0,0,0
BRDA:49,0,1,0
BRF:2
BRH:0
end_of_record
TN:
SF:src\activity-entries\activity-entries.controller.ts
FN:22,(anonymous_4)
FN:27,(anonymous_5)
FN:34,(anonymous_6)
FN:41,(anonymous_7)
FN:48,(anonymous_8)
FN:55,(anonymous_9)
FN:66,(anonymous_10)
FNF:7
FNH:7
FNDA:15,(anonymous_4)
FNDA:4,(anonymous_5)
FNDA:2,(anonymous_6)
FNDA:1,(anonymous_7)
FNDA:2,(anonymous_8)
FNDA:2,(anonymous_9)
FNDA:2,(anonymous_10)
DA:1,1
DA:13,1
DA:14,1
DA:15,1
DA:16,1
DA:21,1
DA:22,15
DA:27,1
DA:28,4
DA:34,1
DA:35,2
DA:41,1
DA:42,1
DA:48,1
DA:49,2
DA:55,1
DA:60,2
DA:66,1
DA:67,2
LF:19
LH:19
BRF:0
BRH:0
end_of_record
TN:
SF:src\activity-entries\activity-entries.module.ts
FNF:0
FNH:0
DA:1,0
DA:2,0
DA:3,0
DA:9,0
LF:4
LH:0
BRF:0
BRH:0
end_of_record
TN:
SF:src\activity-entries\activity-entries.service.ts
FN:7,(anonymous_2)
FN:9,(anonymous_3)
FN:23,(anonymous_4)
FN:36,(anonymous_5)
FN:52,(anonymous_6)
FN:63,(anonymous_7)
FN:73,(anonymous_8)
FN:81,(anonymous_9)
FN:82,(anonymous_10)
FNF:9
FNH:0
FNDA:0,(anonymous_2)
FNDA:0,(anonymous_3)
FNDA:0,(anonymous_4)
FNDA:0,(anonymous_5)
FNDA:0,(anonymous_6)
FNDA:0,(anonymous_7)
FNDA:0,(anonymous_8)
FNDA:0,(anonymous_9)
FNDA:0,(anonymous_10)
DA:1,1
DA:2,1
DA:6,1
DA:7,0
DA:10,0
DA:12,0
DA:20,0
DA:24,0
DA:26,0
DA:27,0
DA:30,0
DA:37,0
DA:41,0
DA:42,0
DA:45,0
DA:46,0
DA:49,0
DA:53,0
DA:55,0
DA:60,0
DA:64,0
DA:66,0
DA:70,0
DA:74,0
DA:81,0
DA:82,0
DA:84,0
LF:27
LH:3
BRDA:26,0,0,0
BRDA:26,0,1,0
BRDA:41,1,0,0
BRDA:41,1,1,0
BRDA:45,2,0,0
BRDA:45,2,1,0
BRF:6
BRH:0
end_of_record
TN:
SF:src\activity-entries\dto\activity-entry.dto.ts
FNF:0
FNH:0
DA:1,1
DA:2,1
DA:4,1
DA:7,1
DA:12,1
DA:17,1
DA:24,1
DA:27,1
DA:30,1
DA:35,1
DA:40,1
DA:47,1
LF:12
LH:12
BRF:0
BRH:0
end_of_record
TN:
SF:src\auth\auth.controller.ts
FN:11,(anonymous_4)
FN:17,(anonymous_5)
FN:25,(anonymous_6)
FN:36,(anonymous_7)
FNF:4
FNH:4
FNDA:12,(anonymous_4)
FNDA:3,(anonymous_5)
FNDA:4,(anonymous_6)
FNDA:2,(anonymous_7)
DA:1,1
DA:2,1
DA:3,1
DA:4,1
DA:5,1
DA:6,1
DA:10,1
DA:11,12
DA:17,1
DA:18,3
DA:25,1
DA:26,4
DA:27,2
DA:36,1
DA:37,2
LF:15
LH:15
BRF:0
BRH:0
end_of_record
TN:
SF:src\auth\auth.module.ts
FN:20,(anonymous_1)
FNF:1
FNH:0
FNDA:0,(anonymous_1)
DA:1,0
DA:2,0
DA:3,0
DA:4,0
DA:5,0
DA:6,0
DA:7,0
DA:8,0
DA:9,0
DA:10,0
DA:20,0
DA:33,0
LF:12
LH:0
BRF:0
BRH:0
end_of_record
TN:
SF:src\auth\auth.service.ts
FN:10,(anonymous_2)
FN:16,(anonymous_3)
FN:44,(anonymous_4)
FN:64,(anonymous_5)
FN:72,(anonymous_6)
FN:95,(anonymous_7)
FNF:6
FNH:6
FNDA:14,(anonymous_2)
FNDA:8,(anonymous_3)
FNDA:5,(anonymous_4)
FNDA:2,(anonymous_5)
FNDA:8,(anonymous_6)
FNDA:9,(anonymous_7)
DA:1,2
DA:2,2
DA:3,2
DA:4,2
DA:5,2
DA:9,2
DA:11,14
DA:12,14
DA:13,14
DA:17,8
DA:18,8
DA:19,1
DA:22,7
DA:23,7
DA:24,7
DA:25,1
DA:29,6
DA:31,6
DA:36,6
DA:38,6
DA:45,5
DA:46,5
DA:47,2
DA:50,3
DA:52,3
DA:53,1
DA:56,2
DA:58,2
DA:65,2
DA:66,2
DA:67,1
DA:69,1
DA:73,8
DA:78,8
DA:89,8
DA:96,9
DA:97,9
LF:37
LH:37
BRDA:18,0,0,1
BRDA:18,0,1,7
BRDA:22,1,0,7
BRDA:22,1,1,0
BRDA:24,2,0,1
BRDA:24,2,1,6
BRDA:46,3,0,2
BRDA:46,3,1,3
BRDA:52,4,0,1
BRDA:52,4,1,2
BRDA:66,5,0,1
BRDA:66,5,1,1
BRF:12
BRH:11
end_of_record
TN:
SF:src\auth\decorators\current-user.decorator.ts
FN:4,(anonymous_0)
FNF:1
FNH:0
FNDA:0,(anonymous_0)
DA:1,1
DA:3,1
DA:5,0
DA:6,0
DA:8,0
LF:5
LH:2
BRDA:8,0,0,0
BRDA:8,0,1,0
BRF:2
BRH:0
end_of_record
TN:
SF:src\auth\decorators\public.decorator.ts
FN:4,(anonymous_0)
FNF:1
FNH:0
FNDA:0,(anonymous_0)
DA:1,0
DA:3,0
DA:4,0
LF:3
LH:0
BRF:0
BRH:0
end_of_record
TN:
SF:src\auth\dto\auth.dto.ts
FN:5,(anonymous_2)
FN:11,(anonymous_3)
FNF:2
FNH:2
FNDA:2,(anonymous_2)
FNDA:2,(anonymous_3)
DA:1,2
DA:2,2
DA:3,2
DA:5,2
DA:6,2
DA:7,2
DA:8,2
DA:11,2
DA:12,2
DA:13,2
DA:16,2
DA:19,2
DA:24,2
DA:29,2
DA:34,2
DA:40,2
DA:45,2
DA:51,2
DA:57,2
DA:62,2
DA:68,2
DA:74,2
DA:80,2
DA:83,2
DA:86,2
DA:89,2
DA:92,2
DA:97,2
LF:28
LH:28
BRDA:5,0,0,2
BRDA:5,0,1,2
BRDA:11,1,0,2
BRDA:11,1,1,2
BRF:4
BRH:4
end_of_record
TN:
SF:src\auth\guards\jwt-auth.guard.ts
FNF:0
FNH:0
DA:1,4
DA:2,4
DA:5,4
LF:3
LH:3
BRF:0
BRH:0
end_of_record
TN:
SF:src\auth\strategies\jwt.strategy.ts
FN:9,(anonymous_2)
FN:20,(anonymous_3)
FNF:2
FNH:0
FNDA:0,(anonymous_2)
FNDA:0,(anonymous_3)
DA:1,0
DA:2,0
DA:3,0
DA:4,0
DA:5,0
DA:8,0
DA:10,0
DA:11,0
DA:13,0
DA:21,0
DA:22,0
DA:25,0
DA:35,0
DA:36,0
DA:39,0
LF:15
LH:0
BRDA:21,0,0,0
BRDA:21,0,1,0
BRDA:35,1,0,0
BRDA:35,1,1,0
BRF:4
BRH:0
end_of_record
TN:
SF:src\config\gemini.ts
FN:6,main
FNF:1
FNH:0
FNDA:0,main
DA:1,1
DA:2,1
DA:4,1
DA:7,0
DA:11,0
DA:14,1
LF:6
LH:4
BRF:0
BRH:0
end_of_record
TN:
SF:src\food-entries\food-entries.controller.ts
FN:20,(anonymous_4)
FN:23,(anonymous_5)
FN:28,(anonymous_6)
FN:33,(anonymous_7)
FN:42,(anonymous_8)
FN:47,(anonymous_9)
FN:52,(anonymous_10)
FN:57,(anonymous_11)
FN:66,(anonymous_12)
FNF:9
FNH:9
FNDA:14,(anonymous_4)
FNDA:2,(anonymous_5)
FNDA:1,(anonymous_6)
FNDA:1,(anonymous_7)
FNDA:1,(anonymous_8)
FNDA:2,(anonymous_9)
FNDA:2,(anonymous_10)
FNDA:2,(anonymous_11)
FNDA:2,(anonymous_12)
DA:1,1
DA:13,1
DA:14,1
DA:15,1
DA:19,1
DA:20,14
DA:23,1
DA:24,2
DA:28,1
DA:29,1
DA:33,1
DA:38,1
DA:42,1
DA:43,1
DA:47,1
DA:48,2
DA:52,1
DA:53,2
DA:57,1
DA:62,2
DA:66,1
DA:67,2
LF:22
LH:22
BRF:0
BRH:0
end_of_record
TN:
SF:src\food-entries\food-entries.module.ts
FNF:0
FNH:0
DA:1,0
DA:2,0
DA:3,0
DA:10,0
LF:4
LH:0
BRF:0
BRH:0
end_of_record
TN:
SF:src\food-entries\food-entries.service.ts
FN:8,(anonymous_2)
FN:10,(anonymous_3)
FN:24,(anonymous_4)
FN:46,(anonymous_5)
FN:79,(anonymous_6)
FN:95,(anonymous_7)
FN:106,(anonymous_8)
FN:116,(anonymous_9)
FN:124,(anonymous_10)
FN:125,(anonymous_11)
FN:126,(anonymous_12)
FN:127,(anonymous_13)
FN:129,(anonymous_14)
FN:159,(anonymous_15)
FNF:14
FNH:0
FNDA:0,(anonymous_2)
FNDA:0,(anonymous_3)
FNDA:0,(anonymous_4)
FNDA:0,(anonymous_5)
FNDA:0,(anonymous_6)
FNDA:0,(anonymous_7)
FNDA:0,(anonymous_8)
FNDA:0,(anonymous_9)
FNDA:0,(anonymous_10)
FNDA:0,(anonymous_11)
FNDA:0,(anonymous_12)
FNDA:0,(anonymous_13)
FNDA:0,(anonymous_14)
FNDA:0,(anonymous_15)
DA:1,1
DA:2,1
DA:4,1
DA:7,1
DA:8,0
DA:11,0
DA:13,0
DA:21,0
DA:25,0
DA:29,0
DA:30,0
DA:33,0
DA:34,0
DA:35,0
DA:38,0
DA:43,0
DA:47,0
DA:51,0
DA:52,0
DA:55,0
DA:63,0
DA:76,0
DA:80,0
DA:84,0
DA:85,0
DA:88,0
DA:89,0
DA:92,0
DA:96,0
DA:98,0
DA:103,0
DA:107,0
DA:109,0
DA:113,0
DA:117,0
DA:124,0
DA:125,0
DA:126,0
DA:127,0
DA:129,0
DA:130,0
DA:131,0
DA:139,0
DA:140,0
DA:141,0
DA:142,0
DA:143,0
DA:144,0
DA:147,0
DA:160,0
DA:174,0
DA:176,0
DA:177,0
DA:178,0
DA:181,0
DA:184,0
DA:185,0
DA:188,0
DA:190,0
DA:202,0
DA:205,0
LF:61
LH:4
BRDA:29,0,0,0
BRDA:29,0,1,0
BRDA:34,1,0,0
BRDA:34,1,1,0
BRDA:51,2,0,0
BRDA:51,2,1,0
BRDA:84,3,0,0
BRDA:84,3,1,0
BRDA:88,4,0,0
BRDA:88,4,1,0
BRDA:125,5,0,0
BRDA:125,5,1,0
BRDA:126,6,0,0
BRDA:126,6,1,0
BRDA:127,7,0,0
BRDA:127,7,1,0
BRDA:130,8,0,0
BRDA:130,8,1,0
BRDA:141,9,0,0
BRDA:141,9,1,0
BRDA:142,10,0,0
BRDA:142,10,1,0
BRDA:143,11,0,0
BRDA:143,11,1,0
BRDA:193,12,0,0
BRDA:193,12,1,0
BRDA:194,13,0,0
BRDA:194,13,1,0
BRDA:195,14,0,0
BRDA:195,14,1,0
BRDA:196,15,0,0
BRDA:196,15,1,0
BRDA:197,16,0,0
BRDA:197,16,1,0
BRDA:198,17,0,0
BRDA:198,17,1,0
BRF:36
BRH:0
end_of_record
TN:
SF:src\food-entries\dto\food-entry.dto.ts
FN:4,(anonymous_2)
FNF:1
FNH:1
FNDA:1,(anonymous_2)
DA:1,1
DA:2,1
DA:4,1
DA:5,1
DA:6,1
DA:7,1
DA:8,1
DA:11,1
DA:13,1
DA:17,1
DA:20,1
DA:25,1
DA:30,1
DA:35,1
DA:40,1
DA:46,1
DA:49,1
DA:51,1
DA:53,1
LF:19
LH:19
BRDA:4,0,0,1
BRDA:4,0,1,1
BRF:2
BRH:2
end_of_record
TN:
SF:src\prisma\prisma.module.ts
FNF:0
FNH:0
DA:1,0
DA:2,0
DA:9,0
LF:3
LH:0
BRF:0
BRH:0
end_of_record
TN:
SF:src\prisma\prisma.service.ts
FN:6,(anonymous_2)
FN:15,(anonymous_3)
FN:20,(anonymous_4)
FN:26,(anonymous_5)
FNF:4
FNH:0
FNDA:0,(anonymous_2)
FNDA:0,(anonymous_3)
FNDA:0,(anonymous_4)
FNDA:0,(anonymous_5)
DA:1,5
DA:2,5
DA:5,5
DA:7,0
DA:16,0
DA:17,0
DA:21,0
DA:22,0
DA:27,0
LF:9
LH:3
BRDA:9,0,0,0
BRDA:9,0,1,0
BRF:2
BRH:0
end_of_record
TN:
SF:src\test-utils\test-utils.ts
FN:5,(anonymous_0)
FN:42,(anonymous_1)
FN:73,(anonymous_2)
FN:98,(anonymous_3)
FN:107,(anonymous_4)
FN:112,(anonymous_5)
FN:115,(anonymous_6)
FN:146,(anonymous_7)
FNF:8
FNH:5
FNDA:20,(anonymous_0)
FNDA:5,(anonymous_1)
FNDA:8,(anonymous_2)
FNDA:8,(anonymous_3)
FNDA:0,(anonymous_4)
FNDA:0,(anonymous_5)
FNDA:0,(anonymous_6)
FNDA:40,(anonymous_7)
DA:1,5
DA:5,20
DA:42,5
DA:73,8
DA:98,5
DA:99,8
DA:100,8
DA:105,5
DA:107,5
DA:108,0
DA:109,0
DA:112,5
DA:113,0
DA:115,5
DA:116,0
DA:120,5
DA:145,5
DA:147,40
DA:153,40
LF:19
LH:15
BRDA:5,0,0,12
BRDA:42,1,0,4
BRDA:73,2,0,6
BRDA:98,3,0,8
BRDA:153,4,0,40
BRDA:153,4,1,0
BRF:6
BRH:5
end_of_record
TN:
SF:src\users\users.controller.ts
FN:20,(anonymous_4)
FN:29,(anonymous_5)
FN:39,(anonymous_6)
FN:49,(anonymous_7)
FN:59,(anonymous_8)
FNF:5
FNH:4
FNDA:11,(anonymous_4)
FNDA:0,(anonymous_5)
FNDA:2,(anonymous_6)
FNDA:3,(anonymous_7)
FNDA:2,(anonymous_8)
DA:1,1
DA:12,1
DA:13,1
DA:14,1
DA:15,1
DA:19,1
DA:20,11
DA:29,1
DA:30,0
DA:39,1
DA:40,2
DA:49,1
DA:50,3
DA:59,1
DA:60,2
LF:15
LH:14
BRF:0
BRH:0
end_of_record
TN:
SF:src\users\users.module.ts
FNF:0
FNH:0
DA:1,0
DA:2,0
DA:3,0
DA:11,0
LF:4
LH:0
BRF:0
BRH:0
end_of_record
TN:
SF:src\users\users.service.ts
FN:8,(anonymous_2)
FN:10,(anonymous_3)
FN:63,(anonymous_4)
FN:91,(anonymous_5)
FN:119,(anonymous_6)
FN:125,(anonymous_7)
FN:131,(anonymous_8)
FN:170,(anonymous_9)
FN:180,(anonymous_10)
FN:206,(anonymous_11)
FNF:10
FNH:0
FNDA:0,(anonymous_2)
FNDA:0,(anonymous_3)
FNDA:0,(anonymous_4)
FNDA:0,(anonymous_5)
FNDA:0,(anonymous_6)
FNDA:0,(anonymous_7)
FNDA:0,(anonymous_8)
FNDA:0,(anonymous_9)
FNDA:0,(anonymous_10)
FNDA:0,(anonymous_11)
DA:1,3
DA:2,3
DA:3,3
DA:7,3
DA:8,0
DA:12,0
DA:21,0
DA:22,0
DA:26,0
DA:27,0
DA:29,0
DA:30,0
DA:31,0
DA:32,0
DA:36,0
DA:60,0
DA:64,0
DA:84,0
DA:85,0
DA:88,0
DA:92,0
DA:112,0
DA:113,0
DA:116,0
DA:120,0
DA:126,0
DA:132,0
DA:135,0
DA:136,0
DA:137,0
DA:138,0
DA:142,0
DA:143,0
DA:146,0
DA:167,0
DA:171,0
DA:173,0
DA:177,0
DA:181,0
DA:206,0
LF:40
LH:4
BRDA:21,0,0,0
BRDA:21,0,1,0
BRDA:29,1,0,0
BRDA:29,1,1,0
BRDA:29,2,0,0
BRDA:29,2,1,0
BRDA:84,3,0,0
BRDA:84,3,1,0
BRDA:112,4,0,0
BRDA:112,4,1,0
BRDA:135,5,0,0
BRDA:135,5,1,0
BRDA:135,6,0,0
BRDA:135,6,1,0
BRDA:142,7,0,0
BRDA:142,7,1,0
BRDA:206,8,0,0
BRDA:206,8,1,0
BRF:18
BRH:0
end_of_record
